mer. 14:33: PROGRESS: MaxCompiler version: 2018.3.1
mer. 14:33: PROGRESS: Build "LinearLayer" start time: Wed Oct 13 14:33:06 CEST 2021
mer. 14:33: PROGRESS: Main build process running as user goumaz1 on host jumaxbuild2
mer. 14:33: INFO    : Loading build properties from bundled MaxCompiler_build.conf...
mer. 14:33: INFO    : No default external build property file has been specified.
mer. 14:33: INFO    : (Set environment variable MAXCOMPILER_DEFAULT_CONF_FILE to assign one)
mer. 14:33: INFO    : User build properties not found in file: /home/jusers/goumaz1/jumax/.MaxCompiler_build_user.conf
mer. 14:33: INFO    : No user-specified external build property file has been specified.
mer. 14:33: INFO    : (Set environment variable MAXCOMPILER_BUILD_CONF_FILE to assign one)
mer. 14:33: INFO    : Loading additional parameters from MAXCOMPILER_BUILD_CONF environment variable
mer. 14:33: INFO    : Appending build directory location to '/mnt/beegfs/home/jusers/goumaz1/jumax/workspace/framework-dl-DFE/.maxdc_builds_LinearLayer'
mer. 14:33: PROGRESS: Build location: /mnt/beegfs/home/jusers/goumaz1/jumax/workspace/framework-dl-DFE/builds/framework-dl/LinearLayer_MAX5C_DFE
mer. 14:33: PROGRESS: Detailed build log available in "_build.log"
mer. 14:33: INFO    : Created build manager LinearLayer (LinearLayer_MAX5C_DFE Wed Oct 13 14:33:06 CEST 2021). (14:33:06 13/10/21)
mer. 14:33: INFO    : Working in dir: builds/framework-dl/LinearLayer_MAX5C_DFE
mer. 14:33: INFO    : Java class path (4 paths):
mer. 14:33: INFO    : 	/mnt/beegfs/home/jusers/goumaz1/jumax/workspace/framework-dl-DFE/bin
mer. 14:33: INFO    : 	/opt/Software/maxeler/maxcompiler-2018.3.1/lib/Max5Platform.jar
mer. 14:33: INFO    : 	/opt/Software/maxeler/maxcompiler-2018.3.1/lib/Max4Platform.jar
mer. 14:33: INFO    : 	/opt/Software/maxeler/maxcompiler-2018.3.1/lib/MaxCompiler.jar
mer. 14:33: INFO    : Java process started by 'main' method in class 'propagation.LinearLayerMAX5CManager'.
mer. 14:33: INFO    : build.arbitrated_core_cache parameter is blank, not using core-cache
mer. 14:33: INFO    : Checking license files in directory: /opt/Software/licenses/maxeler
mer. 14:33: INFO    : All license signatures valid.
mer. 14:33: USER    : 
mer. 14:33: USER    : ENGINE BUILD PARAMETERS
mer. 14:33: USER    : 	 Build name: LinearLayer_MAX5C_DFE
mer. 14:33: USER    : 	   DFEModel: MAIA                 
mer. 14:33: USER    : 	maxFileName: LinearLayer          
mer. 14:33: USER    : 	     target: DFE                  
mer. 14:33: USER    : 	 enableMPCX: false                
mer. 14:33: PROGRESS: Instantiating kernel "LINEAR_LAYER_KERNEL1"
mer. 14:33: PROGRESS: Instantiating kernel "LINEAR_LAYER_KERNEL2"
mer. 14:33: PROGRESS: Compiling kernel "LINEAR_LAYER_KERNEL1"
mer. 14:33: INFO    : Configuration:
mer. 14:33: INFO    : 	KernelConfiguration.additionalInputPipelining = 64                                          [Init: 64]
mer. 14:33: INFO    : 	KernelConfiguration.allowDSPCascading = true                                                [Init: true]
mer. 14:33: INFO    : 	KernelConfiguration.allowInputsOutputsBeforeFlushNode = false                               [Init: false]
mer. 14:33: INFO    : 	KernelConfiguration.allowZeroLatencyNodeHold = false                                        [Init: false]
mer. 14:33: INFO    : 	KernelConfiguration.bramBitsThreshold = 2080                                                [Init: 2080]
mer. 14:33: INFO    : 	KernelConfiguration.buildTarget = HARDWARE                                                  [Init: NONE, change: HARDWARE]
mer. 14:33: INFO    : 	KernelConfiguration.cePipelining = 2                                                        [Init: 2]
mer. 14:33: INFO    : 	KernelConfiguration.clockPhaseBalanceThreshold = 0.1                                        [Init: 0.1]
mer. 14:33: INFO    : 	KernelConfiguration.clockPhasingRetries = 50                                                [Init: 50]
mer. 14:33: INFO    : 	KernelConfiguration.constantMultiplicationWithShiftAddThreshold = 3                         [Init: 3]
mer. 14:33: INFO    : 	KernelConfiguration.dumpNeighboursString =                                                  [Init: ]
mer. 14:33: INFO    : 	KernelConfiguration.enableCeReplication = true                                              [Init: true]
mer. 14:33: INFO    : 	KernelConfiguration.enableClockPhasePartitioning = false                                    [Init: false]
mer. 14:33: INFO    : 	KernelConfiguration.enableDebugIOControlRegs = true                                         [Init: true]
mer. 14:33: INFO    : 	KernelConfiguration.enableDummyBuild = false                                                [Init: false]
mer. 14:33: INFO    : 	KernelConfiguration.enableKernelProfiler = false                                            [Init: false]
mer. 14:33: INFO    : 	KernelConfiguration.enablePipelinedComputeController = false                                [Init: false]
mer. 14:33: INFO    : 	KernelConfiguration.enableShadowRegister = false                                            [Init: false]
mer. 14:33: INFO    : 	KernelConfiguration.enableSmartKernelControl = false                                        [Init: false]
mer. 14:33: INFO    : 	KernelConfiguration.fifoSrlRegisterStages = 1                                               [Init: 1]
mer. 14:33: INFO    : 	KernelConfiguration.flushOnInputDataCongtiguous = false                                     [Init: false]
mer. 14:33: INFO    : 	KernelConfiguration.hardwareDebugDepth = 512                                                [Init: 512]
mer. 14:33: INFO    : 	KernelConfiguration.hwHierarchyMode = UNSET                                                 [Init: UNSET]
mer. 14:33: INFO    : 	KernelConfiguration.latencyAnnotation = true                                                [Init: true]
mer. 14:33: INFO    : 	KernelConfiguration.latencyAnnotationAll = true                                             [Init: true]
mer. 14:33: INFO    : 	KernelConfiguration.latencyAnnotationIOs =                                                  [Init: null]
mer. 14:33: INFO    : 	KernelConfiguration.maxCoalescedFifoWidth = 2147483647                                      [Init: 2147483647]
mer. 14:33: INFO    : 	KernelConfiguration.maxPreAdderFanOut = 1                                                   [Init: 1]
mer. 14:33: INFO    : 	KernelConfiguration.netlistMode = false                                                     [Init: false]
mer. 14:33: INFO    : 	KernelConfiguration.numPhotonStateMachines = 1                                              [Init: 1]
mer. 14:33: INFO    : 	KernelConfiguration.optimizations.ceCounterRegisterDuplication = 1                          [Init: 1]
mer. 14:33: INFO    : 	KernelConfiguration.optimizations.conditionalArithmetic = true                              [Init: true]
mer. 14:33: INFO    : 	KernelConfiguration.optimizations.counterChainWrapPipelining = 0                            [Init: 0]
mer. 14:33: INFO    : 	KernelConfiguration.optimizations.dspAddChain = OPTIMISE                                    [Init: null, change: OPTIMISE]
mer. 14:33: INFO    : 	KernelConfiguration.optimizations.enableActiveFanoutReduction = false                       [Init: false]
mer. 14:33: INFO    : 	KernelConfiguration.optimizations.enableBUFGCE = false                                      [Init: false]
mer. 14:33: INFO    : 	KernelConfiguration.optimizations.enableBetterInputRegistering = false                      [Init: false]
mer. 14:33: INFO    : 	KernelConfiguration.optimizations.enableBetterRegistering = false                           [Init: false]
mer. 14:33: INFO    : 	KernelConfiguration.optimizations.enableFIFOCoalescingAcrossPlacementConstraints = false    [Init: false]
mer. 14:33: INFO    : 	KernelConfiguration.optimizations.enableFifoCoalescing = true                               [Init: true]
mer. 14:33: INFO    : 	KernelConfiguration.optimizations.enableIntegratedRounding = false                          [Init: false]
mer. 14:33: INFO    : 	KernelConfiguration.optimizations.enableMappedMemoryHostReadBack = true                     [Init: true]
mer. 14:33: INFO    : 	KernelConfiguration.optimizations.enableMultiCycleReset = false                             [Init: false]
mer. 14:33: INFO    : 	KernelConfiguration.optimizations.enablePowerTwoFloatMult = true                            [Init: true]
mer. 14:33: INFO    : 	KernelConfiguration.optimizations.enableRedundantNodeDeletion = true                        [Init: true]
mer. 14:33: INFO    : 	KernelConfiguration.optimizations.enableStateMachineRegisterMerging = true                  [Init: true]
mer. 14:33: INFO    : 	KernelConfiguration.optimizations.inlining = false                                          [Init: false]
mer. 14:33: INFO    : 	KernelConfiguration.optimizations.inputFlushDistanceFactor = 0                              [Init: 0]
mer. 14:33: INFO    : 	KernelConfiguration.optimizations.minimumStaticFIFOSplitDepth = 1                           [Init: 1]
mer. 14:33: INFO    : 	KernelConfiguration.optimizations.optimizationTechnique = DEFAULT                           [Init: DEFAULT]
mer. 14:33: INFO    : 	KernelConfiguration.optimizations.preserveNodeRegisters = true                              [Init: true]
mer. 14:33: INFO    : 	KernelConfiguration.optimizations.triAdd = true                                             [Init: true]
mer. 14:33: INFO    : 	KernelConfiguration.partialReconfBlockName =                                                [Init: ]
mer. 14:33: INFO    : 	KernelConfiguration.partialReconfMode = false                                               [Init: false]
mer. 14:33: INFO    : 	KernelConfiguration.partialReconfTemplate = false                                           [Init: false]
mer. 14:33: INFO    : 	KernelConfiguration.replicateNodeCeLog2NumPartitions = 0                                    [Init: 0]
mer. 14:33: INFO    : 	KernelConfiguration.romBRAMBitsThreshold = 2080                                             [Init: 2080]
mer. 14:33: INFO    : 	KernelConfiguration.simulation.ramAddressCollisionBehaviour = EXCEPTION                     [Init: EXCEPTION]
mer. 14:33: INFO    : 	KernelConfiguration.simulation.ramOutOfBoundsAccessBehaviour = EXCEPTION                    [Init: EXCEPTION]
mer. 14:33: INFO    : 	KernelConfiguration.simulation.simProgressMessageFrequency = 0                              [Init: 0]
mer. 14:33: INFO    : 	KernelConfiguration.useAsapScheduler = false                                                [Init: false]
mer. 14:33: INFO    : 
mer. 14:33: INFO    :  -- 
mer. 14:33: INFO    : Writing current graph to: LinearLayer-LINEAR_LAYER_KERNEL1-original.pxg
mer. 14:33: INFO    : Running kernel graph-pass 'MarkConstantPass'.
mer. 14:33: INFO    : Graph-pass 'MarkConstantPass' took 6.63153 ms (1 iterations)
mer. 14:33: INFO    : Dumping graph 'original' with DotDumper.
mer. 14:33: INFO    : Deleting /mnt/beegfs/home/jusers/goumaz1/jumax/workspace/framework-dl-DFE/builds/framework-dl/LinearLayer_MAX5C_DFE/scratch/LINEAR_LAYER_KERNEL1.graphs
mer. 14:33: INFO    : Dumping graph 'original' with DotDumper took 46.1653 ms
mer. 14:33: INFO    : Deleting directory: neighbours
mer. 14:33: INFO    : Running Photon pre-schedule graph optimisations
mer. 14:33: INFO    : Running kernel graph-pass 'AlignOrEradicatePrintfs'.
mer. 14:33: INFO    : Graph-pass 'AlignOrEradicatePrintfs' took 373.784 µs (1 iterations)
mer. 14:33: INFO    : Running kernel graph-pass 'FoldConstantsPass'.
mer. 14:33: INFO    : Graph-pass 'FoldConstantsPass' took 13.2258 ms (2 iterations)
mer. 14:33: INFO    : Running kernel graph-pass 'OptimiseNodesPass'.
mer. 14:33: INFO    : Graph-pass 'OptimiseNodesPass' took 27.2940 ms (2 iterations)
mer. 14:33: INFO    : Running kernel graph-pass 'DeleteRedundantNodes'.
mer. 14:33: INFO    : Graph-pass 'DeleteRedundantNodes' took 309.959 µs (1 iterations)
mer. 14:33: INFO    : Dumping graph 'pre_dsp_extraction' with DotDumper.
mer. 14:33: INFO    : Dumping graph 'pre_dsp_extraction' with DotDumper took 15.4638 ms
mer. 14:33: INFO    : Running kernel graph-pass 'DspMultiplyAddExtractionPass'.
mer. 14:33: INFO    : Optimized 0 sub-graphs into DSP multiply/add chains (Ultrascale mode).
mer. 14:33: INFO    : Graph-pass 'DspMultiplyAddExtractionPass' took 30.6193 ms (1 iterations)
mer. 14:33: INFO    : Dumping graph 'post_dsp_extraction' with DotDumper.
mer. 14:33: INFO    : Dumping graph 'post_dsp_extraction' with DotDumper took 11.7825 ms
mer. 14:33: INFO    : Running kernel graph-pass 'TriArithInsertionPass'.
mer. 14:33: INFO    : Inserted 2 tri arithmetic nodes
mer. 14:33: INFO    : Graph-pass 'TriArithInsertionPass' took 10.0648 ms (1 iterations)
mer. 14:33: INFO    : Dumping graph 'post_tri_add_extraction' with DotDumper.
mer. 14:33: INFO    : Dumping graph 'post_tri_add_extraction' with DotDumper took 12.6798 ms
mer. 14:33: INFO    : Dumping graph 'pre_condadd_extraction' with DotDumper.
mer. 14:33: INFO    : Dumping graph 'pre_condadd_extraction' with DotDumper took 10.5727 ms
mer. 14:33: INFO    : Running kernel graph-pass 'ConditionalAddExtractionPass'.
mer. 14:33: INFO    : Optimized 1 sub-graphs into conditional adds/subs/triadds.
mer. 14:33: INFO    : Sub-graph 1 (ADD) contained: 11 bits, unconditional A, condition on input B, unconditional C, unconditional output
mer. 14:33: INFO    : Origin stack trace: 
mer. 14:33: INFO    : com.maxeler.maxcompiler.v2.kernelcompiler.stdlib.KernelMath.exp(KernelMath.java:576)
mer. 14:33: INFO    : propagation.LinearLayerKernel.tanh(LinearLayerKernel.maxj:107)
mer. 14:33: INFO    : propagation.LinearLayerKernel.<init>(LinearLayerKernel.maxj:92)
mer. 14:33: INFO    : propagation.LinearLayerMAX5CManager.<init>(LinearLayerMAX5CManager.maxj:39)
mer. 14:33: INFO    : propagation.LinearLayerMAX5CManager.main(LinearLayerMAX5CManager.maxj:94)
mer. 14:33: INFO    : Graph-pass 'ConditionalAddExtractionPass' took 17.8442 ms (1 iterations)
mer. 14:33: INFO    : Running kernel graph-pass 'ConditionalPosNegExtractionPass'.
mer. 14:33: INFO    : Graph-pass 'ConditionalPosNegExtractionPass' took 170.805 µs (1 iterations)
mer. 14:33: INFO    : Running kernel graph-pass 'PO2FPMultOptimiser'.
mer. 14:33: INFO    : Graph-pass 'PO2FPMultOptimiser' took 7.98751 ms (2 iterations)
mer. 14:33: INFO    : Running kernel graph-pass 'GraphLevelPipelining'.
mer. 14:33: INFO    : Graph-pass 'GraphLevelPipelining' took 729.285 µs (1 iterations)
mer. 14:33: INFO    : Dumping graph 'optimised' with DotDumper.
mer. 14:33: INFO    : Dumping graph 'optimised' with DotDumper took 11.6279 ms
mer. 14:33: INFO    : Logging Photon stats to: LINEAR_LAYER_KERNEL1_photon_stats.csv
mer. 14:33: INFO    : Deleting /mnt/beegfs/home/jusers/goumaz1/jumax/workspace/framework-dl-DFE/builds/framework-dl/LinearLayer_MAX5C_DFE/scratch/LINEAR_LAYER_KERNEL1_photon_stats.csv
mer. 14:33: INFO    : Running kernel graph-pass 'StatsPass'.
mer. 14:33: INFO    : Graph-pass 'StatsPass' took 124.285 ms (1 iterations)
mer. 14:33: INFO    : Running kernel graph-pass 'CollectNumericExceptions'.
mer. 14:33: INFO    : Graph-pass 'CollectNumericExceptions' took 233.043 µs (1 iterations)
mer. 14:33: INFO    : Running kernel graph-pass 'StreamOffsetDivExpand'.
mer. 14:33: INFO    : Graph-pass 'StreamOffsetDivExpand' took 204.056 µs (1 iterations)
mer. 14:33: INFO    : Running kernel graph-pass 'ReachabilityPass'.
mer. 14:33: INFO    : Graph-pass 'ReachabilityPass' took 409.463 µs (1 iterations)
mer. 14:33: INFO    : Running kernel graph-pass 'ReachabilityPass'.
mer. 14:33: INFO    : Graph-pass 'ReachabilityPass' took 200.800 µs (1 iterations)
mer. 14:33: INFO    : Running kernel graph-pass 'FindInputsLeadingToFlush'.
mer. 14:33: INFO    : Graph-pass 'FindInputsLeadingToFlush' took 169.469 µs (1 iterations)
mer. 14:33: INFO    : Running kernel graph-pass 'CheckForStatefulToFlushViolations'.
mer. 14:33: INFO    : Graph-pass 'CheckForStatefulToFlushViolations' took 667.034 µs (1 iterations)
mer. 14:33: INFO    : Running kernel graph-pass 'CheckForInputToFlushViolations'.
mer. 14:33: INFO    : Graph-pass 'CheckForInputToFlushViolations' took 2.47626 ms (1 iterations)
mer. 14:33: INFO    : Running kernel graph-pass 'RemoveUntypedConstants'.
mer. 14:33: INFO    : Graph-pass 'RemoveUntypedConstants' took 14.0626 ms (1 iterations)
mer. 14:33: INFO    : Running kernel graph-pass 'LimitFanoutPass'.
mer. 14:33: INFO    : Graph-pass 'LimitFanoutPass' took 486.129 µs (1 iterations)
mer. 14:33: INFO    : Running kernel graph-pass 'FindIllegalLoops'.
mer. 14:33: INFO    : Graph-pass 'FindIllegalLoops' took 2.85797 ms (1 iterations)
mer. 14:33: INFO    : Running kernel graph-pass 'AddNodeSchedulingConstraints'.
mer. 14:33: INFO    : Graph-pass 'AddNodeSchedulingConstraints' took 211.680 µs (1 iterations)
mer. 14:33: INFO    : Running kernel graph-pass 'MarkConstantPass'.
mer. 14:33: INFO    : Graph-pass 'MarkConstantPass' took 394.213 µs (1 iterations)
mer. 14:33: INFO    : Running kernel graph-pass 'ScheduleVariables'.
mer. 14:33: INFO    : Graph-pass 'ScheduleVariables' took 5.30113 ms (1 iterations)
mer. 14:33: INFO    : Running kernel graph-pass 'SubstituteEqPlaceholders'.
mer. 14:33: INFO    : Graph-pass 'SubstituteEqPlaceholders' took 7.39275 ms (1 iterations)
mer. 14:33: INFO    : Running kernel graph-pass 'ScheduleApplier'.
mer. 14:33: INFO    : Graph-pass 'ScheduleApplier' took 2.83474 ms (1 iterations)
mer. 14:33: INFO    : Running kernel graph-pass 'MarkConstantPass'.
mer. 14:33: INFO    : Graph-pass 'MarkConstantPass' took 237.043 µs (1 iterations)
mer. 14:33: INFO    : Running kernel graph-pass 'ScheduleDumper'.
mer. 14:33: INFO    : Graph-pass 'ScheduleDumper' took 4.68260 ms (1 iterations)
mer. 14:33: INFO    : Running Photon post-schedule graph optimisations (pass 1)
mer. 14:33: INFO    : Running kernel graph-pass 'TapFIFOsPass'.
mer. 14:33: INFO    : Graph-pass 'TapFIFOsPass' took 1.13560 ms (1 iterations)
mer. 14:33: INFO    : Running kernel graph-pass 'FoldFIFOsPass'.
mer. 14:33: INFO    : Graph-pass 'FoldFIFOsPass' took 276.742 µs (1 iterations)
mer. 14:33: INFO    : Dumping graph 'tapnfold_1' with DotDumper.
mer. 14:33: INFO    : Dumping graph 'tapnfold_1' with DotDumper took 10.4437 ms
mer. 14:33: INFO    : Running kernel graph-pass 'MarkConstantPass'.
mer. 14:33: INFO    : Graph-pass 'MarkConstantPass' took 285.404 µs (1 iterations)
mer. 14:33: INFO    : Running kernel graph-pass 'OptimiseVariableFIFOs'.
mer. 14:33: INFO    : Graph-pass 'OptimiseVariableFIFOs' took 220.679 µs (1 iterations)
mer. 14:33: INFO    : Dumping graph 'validated_fifos' with DotDumper.
mer. 14:33: INFO    : Dumping graph 'validated_fifos' with DotDumper took 11.1477 ms
mer. 14:33: INFO    : Running kernel graph-pass 'MarkConstantPass'.
mer. 14:33: INFO    : Graph-pass 'MarkConstantPass' took 180.303 µs (1 iterations)
mer. 14:33: INFO    : Running kernel graph-pass 'ScheduleDumper'.
mer. 14:33: INFO    : Graph-pass 'ScheduleDumper' took 3.35228 ms (1 iterations)
mer. 14:33: INFO    : Running kernel graph-pass 'MarkConstantPass'.
mer. 14:33: INFO    : Graph-pass 'MarkConstantPass' took 149.281 µs (1 iterations)
mer. 14:33: INFO    : Running kernel graph-pass 'ScheduleConstants'.
mer. 14:33: INFO    : Running command: "/opt/Software/maxeler/maxcompiler-2018.3.1/bin/cbc" "LINEAR_LAYER_KERNEL1_schedule_C.mps.gz" -threads 20 -solve  -printi csv -solu "LINEAR_LAYER_KERNEL1_schedule_C.csv" > "LINEAR_LAYER_KERNEL1_schedule_C.stdout.log"
mer. 14:33: INFO    : Checking for file hash changes...
mer. 14:33: INFO    : No changes.
mer. 14:33: INFO    : Optimum found: 1143
mer. 14:33: INFO    : Graph-pass 'ScheduleConstants' took 97.3522 ms (1 iterations)
mer. 14:33: INFO    : Running kernel graph-pass 'MarkConstantPass'.
mer. 14:33: INFO    : Graph-pass 'MarkConstantPass' took 244.699 µs (1 iterations)
mer. 14:33: INFO    : Running kernel graph-pass 'ScheduleDumper'.
mer. 14:33: INFO    : Graph-pass 'ScheduleDumper' took 4.06761 ms (1 iterations)
mer. 14:33: INFO    : Running kernel graph-pass 'SubstituteEqPlaceholders'.
mer. 14:33: INFO    : OffsetAutoLoop sizes:
mer. 14:33: INFO    :   offset = 12
mer. 14:33: INFO    : Graph-pass 'SubstituteEqPlaceholders' took 8.52834 ms (1 iterations)
mer. 14:33: INFO    : Running kernel graph-pass 'RemoveDistMeasurementNodes'.
mer. 14:33: INFO    : Graph-pass 'RemoveDistMeasurementNodes' took 29.4130 µs (1 iterations)
mer. 14:33: INFO    : Running kernel graph-pass 'ScheduleApplier'.
mer. 14:33: INFO    : Graph-pass 'ScheduleApplier' took 14.0776 ms (1 iterations)
mer. 14:33: INFO    : Maximum stream latency for kernel 'LINEAR_LAYER_KERNEL1': 129
mer. 14:33: INFO    : Using user logic for flush.
mer. 14:33: INFO    : Running Photon post-schedule graph optimisations (pass 2)
mer. 14:33: INFO    : Running kernel graph-pass 'TapFIFOsPass'.
mer. 14:33: INFO    : Graph-pass 'TapFIFOsPass' took 8.22619 ms (2 iterations)
mer. 14:33: INFO    : Running kernel graph-pass 'FoldFIFOsPass'.
mer. 14:33: INFO    : Graph-pass 'FoldFIFOsPass' took 769.585 µs (1 iterations)
mer. 14:33: INFO    : Dumping graph 'tapnfold_2' with DotDumper.
mer. 14:33: INFO    : Dumping graph 'tapnfold_2' with DotDumper took 9.40055 ms
mer. 14:33: INFO    : Running kernel graph-pass 'MarkConstantPass'.
mer. 14:33: INFO    : Graph-pass 'MarkConstantPass' took 279.382 µs (1 iterations)
mer. 14:33: INFO    : Running kernel graph-pass 'ScheduleAsserter'.
mer. 14:33: INFO    : Graph-pass 'ScheduleAsserter' took 1.44944 ms (1 iterations)
mer. 14:33: INFO    : Running kernel graph-pass 'ReplaceEvalStreamOffsetNodes'.
mer. 14:33: INFO    : Graph-pass 'ReplaceEvalStreamOffsetNodes' took 4.71386 ms (1 iterations)
mer. 14:33: INFO    : Running kernel graph-pass 'FIFOCoalesceRespectingPlacementPass'.
mer. 14:33: INFO    : Graph-pass 'FIFOCoalesceRespectingPlacementPass' took 12.4334 ms (1 iterations)
mer. 14:33: INFO    : Dumping graph 'coalesced' with DotDumper.
mer. 14:33: INFO    : Dumping graph 'coalesced' with DotDumper took 8.40666 ms
mer. 14:33: INFO    : Running kernel graph-pass 'FIFOReport'.
mer. 14:33: INFO    : Graph-pass 'FIFOReport' took 6.85084 ms (1 iterations)
mer. 14:33: INFO    : Running kernel graph-pass 'StatsPass'.
mer. 14:33: INFO    : Graph-pass 'StatsPass' took 142.191 ms (1 iterations)
mer. 14:33: INFO    : Running kernel graph-pass 'RemoveUntypedConstants'.
mer. 14:33: INFO    : Graph-pass 'RemoveUntypedConstants' took 367.290 µs (1 iterations)
mer. 14:33: INFO    : Running kernel graph-pass 'VariableSizeMappedRegInserter'.
mer. 14:33: INFO    : Graph-pass 'VariableSizeMappedRegInserter' took 175.208 µs (1 iterations)
mer. 14:33: INFO    : Running kernel graph-pass 'MarkConstantPass'.
mer. 14:33: INFO    : Graph-pass 'MarkConstantPass' took 203.393 µs (1 iterations)
mer. 14:33: INFO    : Running kernel graph-pass 'MakeMaxFileNodeData'.
mer. 14:33: INFO    : Graph-pass 'MakeMaxFileNodeData' took 11.4852 ms (1 iterations)
mer. 14:33: INFO    : Running kernel graph-pass 'MoveFanoutRegsForwards'.
mer. 14:33: INFO    : Graph-pass 'MoveFanoutRegsForwards' took 175.452 µs (1 iterations)
mer. 14:33: INFO    : Dumping graph 'final' with DotDumper.
mer. 14:33: INFO    : Dumping graph 'final' with DotDumper took 9.73517 ms
mer. 14:33: INFO    : Running kernel graph-pass 'FIFOReportDotDump'.
mer. 14:33: INFO    : Graph-pass 'FIFOReportDotDump' took 19.7417 ms (1 iterations)
mer. 14:33: INFO    : Running kernel graph-pass 'FIFOReportDotDump'.
mer. 14:33: INFO    : Graph-pass 'FIFOReportDotDump' took 11.2102 ms (1 iterations)
mer. 14:33: INFO    : Running kernel graph-pass 'StallScopeDump'.
mer. 14:33: INFO    : Graph-pass 'StallScopeDump' took 1.53552 ms (1 iterations)
mer. 14:33: INFO    : Optimization report for Kernel 'LINEAR_LAYER_KERNEL1'.
mer. 14:33: INFO    : Enabled optimizations:
mer. 14:33: INFO    : 	DSP Multiply-Add Extraction
mer. 14:33: INFO    : 	Tri-Adder
mer. 14:33: INFO    : 	Conditional (Tri)Adds/Subs/AddSubs
mer. 14:33: INFO    : 	Power-of-2 Floating Point
mer. 14:33: INFO    : 	Fifo Coalescing
mer. 14:33: INFO    : Creating a preliminary MaxCompilerDesignData.dat. (@ CoreCompile LINEAR_LAYER_KERNEL1)
mer. 14:33: INFO    : Deleting /mnt/beegfs/home/jusers/goumaz1/jumax/workspace/framework-dl-DFE/builds/framework-dl/LinearLayer_MAX5C_DFE/scratch/MaxCompilerDesignData.dat
mer. 14:33: INFO    : Total compilation of 'LINEAR_LAYER_KERNEL1' took 1.10403 s.
mer. 14:33: PROGRESS: 
mer. 14:33: PROGRESS: Compiling kernel "LINEAR_LAYER_KERNEL2"
mer. 14:33: INFO    : Configuration:
mer. 14:33: INFO    : 	KernelConfiguration.additionalInputPipelining = 64                                          [Init: 64]
mer. 14:33: INFO    : 	KernelConfiguration.allowDSPCascading = true                                                [Init: true]
mer. 14:33: INFO    : 	KernelConfiguration.allowInputsOutputsBeforeFlushNode = false                               [Init: false]
mer. 14:33: INFO    : 	KernelConfiguration.allowZeroLatencyNodeHold = false                                        [Init: false]
mer. 14:33: INFO    : 	KernelConfiguration.bramBitsThreshold = 2080                                                [Init: 2080]
mer. 14:33: INFO    : 	KernelConfiguration.buildTarget = HARDWARE                                                  [Init: NONE, change: HARDWARE]
mer. 14:33: INFO    : 	KernelConfiguration.cePipelining = 2                                                        [Init: 2]
mer. 14:33: INFO    : 	KernelConfiguration.clockPhaseBalanceThreshold = 0.1                                        [Init: 0.1]
mer. 14:33: INFO    : 	KernelConfiguration.clockPhasingRetries = 50                                                [Init: 50]
mer. 14:33: INFO    : 	KernelConfiguration.constantMultiplicationWithShiftAddThreshold = 3                         [Init: 3]
mer. 14:33: INFO    : 	KernelConfiguration.dumpNeighboursString =                                                  [Init: ]
mer. 14:33: INFO    : 	KernelConfiguration.enableCeReplication = true                                              [Init: true]
mer. 14:33: INFO    : 	KernelConfiguration.enableClockPhasePartitioning = false                                    [Init: false]
mer. 14:33: INFO    : 	KernelConfiguration.enableDebugIOControlRegs = true                                         [Init: true]
mer. 14:33: INFO    : 	KernelConfiguration.enableDummyBuild = false                                                [Init: false]
mer. 14:33: INFO    : 	KernelConfiguration.enableKernelProfiler = false                                            [Init: false]
mer. 14:33: INFO    : 	KernelConfiguration.enablePipelinedComputeController = false                                [Init: false]
mer. 14:33: INFO    : 	KernelConfiguration.enableShadowRegister = false                                            [Init: false]
mer. 14:33: INFO    : 	KernelConfiguration.enableSmartKernelControl = false                                        [Init: false]
mer. 14:33: INFO    : 	KernelConfiguration.fifoSrlRegisterStages = 1                                               [Init: 1]
mer. 14:33: INFO    : 	KernelConfiguration.flushOnInputDataCongtiguous = false                                     [Init: false]
mer. 14:33: INFO    : 	KernelConfiguration.hardwareDebugDepth = 512                                                [Init: 512]
mer. 14:33: INFO    : 	KernelConfiguration.hwHierarchyMode = UNSET                                                 [Init: UNSET]
mer. 14:33: INFO    : 	KernelConfiguration.latencyAnnotation = true                                                [Init: true]
mer. 14:33: INFO    : 	KernelConfiguration.latencyAnnotationAll = true                                             [Init: true]
mer. 14:33: INFO    : 	KernelConfiguration.latencyAnnotationIOs =                                                  [Init: null]
mer. 14:33: INFO    : 	KernelConfiguration.maxCoalescedFifoWidth = 2147483647                                      [Init: 2147483647]
mer. 14:33: INFO    : 	KernelConfiguration.maxPreAdderFanOut = 1                                                   [Init: 1]
mer. 14:33: INFO    : 	KernelConfiguration.netlistMode = false                                                     [Init: false]
mer. 14:33: INFO    : 	KernelConfiguration.numPhotonStateMachines = 1                                              [Init: 1]
mer. 14:33: INFO    : 	KernelConfiguration.optimizations.ceCounterRegisterDuplication = 1                          [Init: 1]
mer. 14:33: INFO    : 	KernelConfiguration.optimizations.conditionalArithmetic = true                              [Init: true]
mer. 14:33: INFO    : 	KernelConfiguration.optimizations.counterChainWrapPipelining = 0                            [Init: 0]
mer. 14:33: INFO    : 	KernelConfiguration.optimizations.dspAddChain = OPTIMISE                                    [Init: null, change: OPTIMISE]
mer. 14:33: INFO    : 	KernelConfiguration.optimizations.enableActiveFanoutReduction = false                       [Init: false]
mer. 14:33: INFO    : 	KernelConfiguration.optimizations.enableBUFGCE = false                                      [Init: false]
mer. 14:33: INFO    : 	KernelConfiguration.optimizations.enableBetterInputRegistering = false                      [Init: false]
mer. 14:33: INFO    : 	KernelConfiguration.optimizations.enableBetterRegistering = false                           [Init: false]
mer. 14:33: INFO    : 	KernelConfiguration.optimizations.enableFIFOCoalescingAcrossPlacementConstraints = false    [Init: false]
mer. 14:33: INFO    : 	KernelConfiguration.optimizations.enableFifoCoalescing = true                               [Init: true]
mer. 14:33: INFO    : 	KernelConfiguration.optimizations.enableIntegratedRounding = false                          [Init: false]
mer. 14:33: INFO    : 	KernelConfiguration.optimizations.enableMappedMemoryHostReadBack = true                     [Init: true]
mer. 14:33: INFO    : 	KernelConfiguration.optimizations.enableMultiCycleReset = false                             [Init: false]
mer. 14:33: INFO    : 	KernelConfiguration.optimizations.enablePowerTwoFloatMult = true                            [Init: true]
mer. 14:33: INFO    : 	KernelConfiguration.optimizations.enableRedundantNodeDeletion = true                        [Init: true]
mer. 14:33: INFO    : 	KernelConfiguration.optimizations.enableStateMachineRegisterMerging = true                  [Init: true]
mer. 14:33: INFO    : 	KernelConfiguration.optimizations.inlining = false                                          [Init: false]
mer. 14:33: INFO    : 	KernelConfiguration.optimizations.inputFlushDistanceFactor = 0                              [Init: 0]
mer. 14:33: INFO    : 	KernelConfiguration.optimizations.minimumStaticFIFOSplitDepth = 1                           [Init: 1]
mer. 14:33: INFO    : 	KernelConfiguration.optimizations.optimizationTechnique = DEFAULT                           [Init: DEFAULT]
mer. 14:33: INFO    : 	KernelConfiguration.optimizations.preserveNodeRegisters = true                              [Init: true]
mer. 14:33: INFO    : 	KernelConfiguration.optimizations.triAdd = true                                             [Init: true]
mer. 14:33: INFO    : 	KernelConfiguration.partialReconfBlockName =                                                [Init: ]
mer. 14:33: INFO    : 	KernelConfiguration.partialReconfMode = false                                               [Init: false]
mer. 14:33: INFO    : 	KernelConfiguration.partialReconfTemplate = false                                           [Init: false]
mer. 14:33: INFO    : 	KernelConfiguration.replicateNodeCeLog2NumPartitions = 0                                    [Init: 0]
mer. 14:33: INFO    : 	KernelConfiguration.romBRAMBitsThreshold = 2080                                             [Init: 2080]
mer. 14:33: INFO    : 	KernelConfiguration.simulation.ramAddressCollisionBehaviour = EXCEPTION                     [Init: EXCEPTION]
mer. 14:33: INFO    : 	KernelConfiguration.simulation.ramOutOfBoundsAccessBehaviour = EXCEPTION                    [Init: EXCEPTION]
mer. 14:33: INFO    : 	KernelConfiguration.simulation.simProgressMessageFrequency = 0                              [Init: 0]
mer. 14:33: INFO    : 	KernelConfiguration.useAsapScheduler = false                                                [Init: false]
mer. 14:33: INFO    : 
mer. 14:33: INFO    :  -- 
mer. 14:33: INFO    : Writing current graph to: LinearLayer-LINEAR_LAYER_KERNEL2-original.pxg
mer. 14:33: INFO    : Running kernel graph-pass 'MarkConstantPass'.
mer. 14:33: INFO    : Graph-pass 'MarkConstantPass' took 170.568 µs (1 iterations)
mer. 14:33: INFO    : Dumping graph 'original' with DotDumper.
mer. 14:33: INFO    : Deleting /mnt/beegfs/home/jusers/goumaz1/jumax/workspace/framework-dl-DFE/builds/framework-dl/LinearLayer_MAX5C_DFE/scratch/LINEAR_LAYER_KERNEL2.graphs
mer. 14:33: INFO    : Dumping graph 'original' with DotDumper took 13.4384 ms
mer. 14:33: INFO    : Deleting directory: neighbours
mer. 14:33: INFO    : Running Photon pre-schedule graph optimisations
mer. 14:33: INFO    : Running kernel graph-pass 'AlignOrEradicatePrintfs'.
mer. 14:33: INFO    : Graph-pass 'AlignOrEradicatePrintfs' took 131.564 µs (1 iterations)
mer. 14:33: INFO    : Running kernel graph-pass 'FoldConstantsPass'.
mer. 14:33: INFO    : Graph-pass 'FoldConstantsPass' took 7.99633 ms (2 iterations)
mer. 14:33: INFO    : Running kernel graph-pass 'OptimiseNodesPass'.
mer. 14:33: INFO    : Graph-pass 'OptimiseNodesPass' took 9.17104 ms (2 iterations)
mer. 14:33: INFO    : Running kernel graph-pass 'DeleteRedundantNodes'.
mer. 14:33: INFO    : Graph-pass 'DeleteRedundantNodes' took 208.115 µs (1 iterations)
mer. 14:33: INFO    : Dumping graph 'pre_dsp_extraction' with DotDumper.
mer. 14:33: INFO    : Dumping graph 'pre_dsp_extraction' with DotDumper took 9.72015 ms
mer. 14:33: INFO    : Running kernel graph-pass 'DspMultiplyAddExtractionPass'.
mer. 14:33: INFO    : Optimized 0 sub-graphs into DSP multiply/add chains (Ultrascale mode).
mer. 14:33: INFO    : Graph-pass 'DspMultiplyAddExtractionPass' took 6.44449 ms (1 iterations)
mer. 14:33: INFO    : Dumping graph 'post_dsp_extraction' with DotDumper.
mer. 14:33: INFO    : Dumping graph 'post_dsp_extraction' with DotDumper took 9.90985 ms
mer. 14:33: INFO    : Running kernel graph-pass 'TriArithInsertionPass'.
mer. 14:33: INFO    : Inserted 2 tri arithmetic nodes
mer. 14:33: INFO    : Graph-pass 'TriArithInsertionPass' took 4.54787 ms (1 iterations)
mer. 14:33: INFO    : Dumping graph 'post_tri_add_extraction' with DotDumper.
mer. 14:33: INFO    : Dumping graph 'post_tri_add_extraction' with DotDumper took 9.03449 ms
mer. 14:33: INFO    : Dumping graph 'pre_condadd_extraction' with DotDumper.
mer. 14:33: INFO    : Dumping graph 'pre_condadd_extraction' with DotDumper took 8.23090 ms
mer. 14:33: INFO    : Running kernel graph-pass 'ConditionalAddExtractionPass'.
mer. 14:33: INFO    : Optimized 1 sub-graphs into conditional adds/subs/triadds.
mer. 14:33: INFO    : Sub-graph 1 (ADD) contained: 11 bits, unconditional A, condition on input B, unconditional C, unconditional output
mer. 14:33: INFO    : Origin stack trace: 
mer. 14:33: INFO    : com.maxeler.maxcompiler.v2.kernelcompiler.stdlib.KernelMath.exp(KernelMath.java:576)
mer. 14:33: INFO    : propagation.LinearLayerKernel.tanh(LinearLayerKernel.maxj:107)
mer. 14:33: INFO    : propagation.LinearLayerKernel.<init>(LinearLayerKernel.maxj:92)
mer. 14:33: INFO    : propagation.LinearLayerMAX5CManager.<init>(LinearLayerMAX5CManager.maxj:40)
mer. 14:33: INFO    : propagation.LinearLayerMAX5CManager.main(LinearLayerMAX5CManager.maxj:94)
mer. 14:33: INFO    : Graph-pass 'ConditionalAddExtractionPass' took 4.17793 ms (1 iterations)
mer. 14:33: INFO    : Running kernel graph-pass 'ConditionalPosNegExtractionPass'.
mer. 14:33: INFO    : Graph-pass 'ConditionalPosNegExtractionPass' took 105.986 µs (1 iterations)
mer. 14:33: INFO    : Running kernel graph-pass 'PO2FPMultOptimiser'.
mer. 14:33: INFO    : Graph-pass 'PO2FPMultOptimiser' took 4.51102 ms (2 iterations)
mer. 14:33: INFO    : Running kernel graph-pass 'GraphLevelPipelining'.
mer. 14:33: INFO    : Graph-pass 'GraphLevelPipelining' took 432.552 µs (1 iterations)
mer. 14:33: INFO    : Dumping graph 'optimised' with DotDumper.
mer. 14:33: INFO    : Dumping graph 'optimised' with DotDumper took 8.17336 ms
mer. 14:33: INFO    : Logging Photon stats to: LINEAR_LAYER_KERNEL2_photon_stats.csv
mer. 14:33: INFO    : Deleting /mnt/beegfs/home/jusers/goumaz1/jumax/workspace/framework-dl-DFE/builds/framework-dl/LinearLayer_MAX5C_DFE/scratch/LINEAR_LAYER_KERNEL2_photon_stats.csv
mer. 14:33: INFO    : Running kernel graph-pass 'StatsPass'.
mer. 14:33: INFO    : Graph-pass 'StatsPass' took 78.3856 ms (1 iterations)
mer. 14:33: INFO    : Running kernel graph-pass 'CollectNumericExceptions'.
mer. 14:33: INFO    : Graph-pass 'CollectNumericExceptions' took 184.254 µs (1 iterations)
mer. 14:33: INFO    : Running kernel graph-pass 'StreamOffsetDivExpand'.
mer. 14:33: INFO    : Graph-pass 'StreamOffsetDivExpand' took 54.5820 µs (1 iterations)
mer. 14:33: INFO    : Running kernel graph-pass 'ReachabilityPass'.
mer. 14:33: INFO    : Graph-pass 'ReachabilityPass' took 114.290 µs (1 iterations)
mer. 14:33: INFO    : Running kernel graph-pass 'ReachabilityPass'.
mer. 14:33: INFO    : Graph-pass 'ReachabilityPass' took 73.9010 µs (1 iterations)
mer. 14:33: INFO    : Running kernel graph-pass 'FindInputsLeadingToFlush'.
mer. 14:33: INFO    : Graph-pass 'FindInputsLeadingToFlush' took 49.6090 µs (1 iterations)
mer. 14:33: INFO    : Running kernel graph-pass 'CheckForStatefulToFlushViolations'.
mer. 14:33: INFO    : Graph-pass 'CheckForStatefulToFlushViolations' took 114.384 µs (1 iterations)
mer. 14:33: INFO    : Running kernel graph-pass 'CheckForInputToFlushViolations'.
mer. 14:33: INFO    : Graph-pass 'CheckForInputToFlushViolations' took 303.714 µs (1 iterations)
mer. 14:33: INFO    : Running kernel graph-pass 'RemoveUntypedConstants'.
mer. 14:33: INFO    : Graph-pass 'RemoveUntypedConstants' took 5.68904 ms (1 iterations)
mer. 14:33: INFO    : Running kernel graph-pass 'LimitFanoutPass'.
mer. 14:33: INFO    : Graph-pass 'LimitFanoutPass' took 188.720 µs (1 iterations)
mer. 14:33: INFO    : Running kernel graph-pass 'FindIllegalLoops'.
mer. 14:33: INFO    : Graph-pass 'FindIllegalLoops' took 562.029 µs (1 iterations)
mer. 14:33: INFO    : Running kernel graph-pass 'AddNodeSchedulingConstraints'.
mer. 14:33: INFO    : Graph-pass 'AddNodeSchedulingConstraints' took 164.603 µs (1 iterations)
mer. 14:33: INFO    : Running kernel graph-pass 'MarkConstantPass'.
mer. 14:33: INFO    : Graph-pass 'MarkConstantPass' took 105.695 µs (1 iterations)
mer. 14:33: INFO    : Running kernel graph-pass 'ScheduleVariables'.
mer. 14:33: INFO    : Graph-pass 'ScheduleVariables' took 402.820 µs (1 iterations)
mer. 14:33: INFO    : Running kernel graph-pass 'SubstituteEqPlaceholders'.
mer. 14:33: INFO    : Graph-pass 'SubstituteEqPlaceholders' took 3.07536 ms (1 iterations)
mer. 14:33: INFO    : Running kernel graph-pass 'ScheduleApplier'.
mer. 14:33: INFO    : Graph-pass 'ScheduleApplier' took 762.016 µs (1 iterations)
mer. 14:33: INFO    : Running kernel graph-pass 'MarkConstantPass'.
mer. 14:33: INFO    : Graph-pass 'MarkConstantPass' took 102.374 µs (1 iterations)
mer. 14:33: INFO    : Running kernel graph-pass 'ScheduleDumper'.
mer. 14:33: INFO    : Graph-pass 'ScheduleDumper' took 2.44409 ms (1 iterations)
mer. 14:33: INFO    : Running Photon post-schedule graph optimisations (pass 1)
mer. 14:33: INFO    : Running kernel graph-pass 'TapFIFOsPass'.
mer. 14:33: INFO    : Graph-pass 'TapFIFOsPass' took 297.986 µs (1 iterations)
mer. 14:33: INFO    : Running kernel graph-pass 'FoldFIFOsPass'.
mer. 14:33: INFO    : Graph-pass 'FoldFIFOsPass' took 128.720 µs (1 iterations)
mer. 14:33: INFO    : Dumping graph 'tapnfold_1' with DotDumper.
mer. 14:33: INFO    : Dumping graph 'tapnfold_1' with DotDumper took 7.81157 ms
mer. 14:33: INFO    : Running kernel graph-pass 'MarkConstantPass'.
mer. 14:33: INFO    : Graph-pass 'MarkConstantPass' took 107.652 µs (1 iterations)
mer. 14:33: INFO    : Running kernel graph-pass 'OptimiseVariableFIFOs'.
mer. 14:33: INFO    : Graph-pass 'OptimiseVariableFIFOs' took 88.1270 µs (1 iterations)
mer. 14:33: INFO    : Dumping graph 'validated_fifos' with DotDumper.
mer. 14:33: INFO    : Dumping graph 'validated_fifos' with DotDumper took 7.50908 ms
mer. 14:33: INFO    : Running kernel graph-pass 'MarkConstantPass'.
mer. 14:33: INFO    : Graph-pass 'MarkConstantPass' took 107.823 µs (1 iterations)
mer. 14:33: INFO    : Running kernel graph-pass 'ScheduleDumper'.
mer. 14:33: INFO    : Graph-pass 'ScheduleDumper' took 1.94042 ms (1 iterations)
mer. 14:33: INFO    : Running kernel graph-pass 'MarkConstantPass'.
mer. 14:33: INFO    : Graph-pass 'MarkConstantPass' took 118.554 µs (1 iterations)
mer. 14:33: INFO    : Running kernel graph-pass 'ScheduleConstants'.
mer. 14:33: INFO    : Running command: "/opt/Software/maxeler/maxcompiler-2018.3.1/bin/cbc" "LINEAR_LAYER_KERNEL2_schedule_C.mps.gz" -threads 20 -solve  -printi csv -solu "LINEAR_LAYER_KERNEL2_schedule_C.csv" > "LINEAR_LAYER_KERNEL2_schedule_C.stdout.log"
mer. 14:33: INFO    : Checking for file hash changes...
mer. 14:33: INFO    : No changes.
mer. 14:33: INFO    : Optimum found: 1143
mer. 14:33: INFO    : Graph-pass 'ScheduleConstants' took 24.5743 ms (1 iterations)
mer. 14:33: INFO    : Running kernel graph-pass 'MarkConstantPass'.
mer. 14:33: INFO    : Graph-pass 'MarkConstantPass' took 183.281 µs (1 iterations)
mer. 14:33: INFO    : Running kernel graph-pass 'ScheduleDumper'.
mer. 14:33: INFO    : Graph-pass 'ScheduleDumper' took 2.69398 ms (1 iterations)
mer. 14:33: INFO    : Running kernel graph-pass 'SubstituteEqPlaceholders'.
mer. 14:33: INFO    : OffsetAutoLoop sizes:
mer. 14:33: INFO    :   offset = 12
mer. 14:33: INFO    : Graph-pass 'SubstituteEqPlaceholders' took 3.72439 ms (1 iterations)
mer. 14:33: INFO    : Running kernel graph-pass 'RemoveDistMeasurementNodes'.
mer. 14:33: INFO    : Graph-pass 'RemoveDistMeasurementNodes' took 5.23100 µs (1 iterations)
mer. 14:33: INFO    : Running kernel graph-pass 'ScheduleApplier'.
mer. 14:33: INFO    : Graph-pass 'ScheduleApplier' took 5.07962 ms (1 iterations)
mer. 14:33: INFO    : Maximum stream latency for kernel 'LINEAR_LAYER_KERNEL2': 129
mer. 14:33: INFO    : Using user logic for flush.
mer. 14:33: INFO    : Running Photon post-schedule graph optimisations (pass 2)
mer. 14:33: INFO    : Running kernel graph-pass 'TapFIFOsPass'.
mer. 14:33: INFO    : Graph-pass 'TapFIFOsPass' took 4.38106 ms (2 iterations)
mer. 14:33: INFO    : Running kernel graph-pass 'FoldFIFOsPass'.
mer. 14:33: INFO    : Graph-pass 'FoldFIFOsPass' took 239.579 µs (1 iterations)
mer. 14:33: INFO    : Dumping graph 'tapnfold_2' with DotDumper.
mer. 14:33: INFO    : Dumping graph 'tapnfold_2' with DotDumper took 7.97688 ms
mer. 14:33: INFO    : Running kernel graph-pass 'MarkConstantPass'.
mer. 14:33: INFO    : Graph-pass 'MarkConstantPass' took 161.661 µs (1 iterations)
mer. 14:33: INFO    : Running kernel graph-pass 'ScheduleAsserter'.
mer. 14:33: INFO    : Graph-pass 'ScheduleAsserter' took 441.774 µs (1 iterations)
mer. 14:33: INFO    : Running kernel graph-pass 'ReplaceEvalStreamOffsetNodes'.
mer. 14:33: INFO    : Graph-pass 'ReplaceEvalStreamOffsetNodes' took 3.20813 ms (1 iterations)
mer. 14:33: INFO    : Running kernel graph-pass 'FIFOCoalesceRespectingPlacementPass'.
mer. 14:33: INFO    : Graph-pass 'FIFOCoalesceRespectingPlacementPass' took 817.128 µs (1 iterations)
mer. 14:33: INFO    : Dumping graph 'coalesced' with DotDumper.
mer. 14:33: INFO    : Dumping graph 'coalesced' with DotDumper took 8.10324 ms
mer. 14:33: INFO    : Running kernel graph-pass 'FIFOReport'.
mer. 14:33: INFO    : Graph-pass 'FIFOReport' took 2.01105 ms (1 iterations)
mer. 14:33: INFO    : Running kernel graph-pass 'StatsPass'.
mer. 14:33: INFO    : Graph-pass 'StatsPass' took 97.8693 ms (1 iterations)
mer. 14:33: INFO    : Running kernel graph-pass 'RemoveUntypedConstants'.
mer. 14:33: INFO    : Graph-pass 'RemoveUntypedConstants' took 922.824 µs (1 iterations)
mer. 14:33: INFO    : Running kernel graph-pass 'VariableSizeMappedRegInserter'.
mer. 14:33: INFO    : Graph-pass 'VariableSizeMappedRegInserter' took 219.950 µs (1 iterations)
mer. 14:33: INFO    : Running kernel graph-pass 'MarkConstantPass'.
mer. 14:33: INFO    : Graph-pass 'MarkConstantPass' took 374.680 µs (1 iterations)
mer. 14:33: INFO    : Running kernel graph-pass 'MakeMaxFileNodeData'.
mer. 14:33: INFO    : Graph-pass 'MakeMaxFileNodeData' took 6.33256 ms (1 iterations)
mer. 14:33: INFO    : Running kernel graph-pass 'MoveFanoutRegsForwards'.
mer. 14:33: INFO    : Graph-pass 'MoveFanoutRegsForwards' took 97.0450 µs (1 iterations)
mer. 14:33: INFO    : Dumping graph 'final' with DotDumper.
mer. 14:33: INFO    : Dumping graph 'final' with DotDumper took 8.48384 ms
mer. 14:33: INFO    : Running kernel graph-pass 'FIFOReportDotDump'.
mer. 14:33: INFO    : Graph-pass 'FIFOReportDotDump' took 4.26072 ms (1 iterations)
mer. 14:33: INFO    : Running kernel graph-pass 'FIFOReportDotDump'.
mer. 14:33: INFO    : Graph-pass 'FIFOReportDotDump' took 6.24072 ms (1 iterations)
mer. 14:33: INFO    : Running kernel graph-pass 'StallScopeDump'.
mer. 14:33: INFO    : Graph-pass 'StallScopeDump' took 2.12925 ms (1 iterations)
mer. 14:33: INFO    : Optimization report for Kernel 'LINEAR_LAYER_KERNEL2'.
mer. 14:33: INFO    : Enabled optimizations:
mer. 14:33: INFO    : 	DSP Multiply-Add Extraction
mer. 14:33: INFO    : 	Tri-Adder
mer. 14:33: INFO    : 	Conditional (Tri)Adds/Subs/AddSubs
mer. 14:33: INFO    : 	Power-of-2 Floating Point
mer. 14:33: INFO    : 	Fifo Coalescing
mer. 14:33: INFO    : Updating the preliminary MaxCompilerDesignData.dat. (@ CoreCompile LINEAR_LAYER_KERNEL2)
mer. 14:33: INFO    : Deleting /mnt/beegfs/home/jusers/goumaz1/jumax/workspace/framework-dl-DFE/builds/framework-dl/LinearLayer_MAX5C_DFE/scratch/MaxCompilerDesignData.dat
mer. 14:33: INFO    : Total compilation of 'LINEAR_LAYER_KERNEL2' took 499.131 ms.
mer. 14:33: PROGRESS: 
mer. 14:33: INFO    : Backing-up source-files (old source files in build directory will be removed first)...
mer. 14:33: INFO    : Source directories: src
mer. 14:33: INFO    : Deleting directory: src
mer. 14:33: INFO    : Copying source-files took 42.0640 ms
mer. 14:33: INFO    : Manager Configuration:
mer. 14:33: INFO    : 	ManagerConfiguration.allowNonMultipleTransitions = true                            [Init: false, change: true]
mer. 14:33: INFO    : 	ManagerConfiguration.board = MAX4412A                                              [Init: null, init: MAX4412A]
mer. 14:33: INFO    : 	ManagerConfiguration.build.bramMappingScaleFactor = 1.0                            [Init: 1.0]
mer. 14:33: INFO    : 	ManagerConfiguration.build.buildEffort = HIGH                                      [Init: MEDIUM, change: HIGH]
mer. 14:33: INFO    : 	ManagerConfiguration.build.continueAfterMeetingTiming = false                      [Init: false]
mer. 14:33: INFO    : 	ManagerConfiguration.build.enableChipScopeInserter = false                         [Init: false]
mer. 14:33: INFO    : 	ManagerConfiguration.build.enablePcieIbert = false                                 [Init: false]
mer. 14:33: INFO    : 	ManagerConfiguration.build.enablePcieJtag = false                                  [Init: false]
mer. 14:33: INFO    : 	ManagerConfiguration.build.enableTandemBoot = false                                [Init: false]
mer. 14:33: INFO    : 	ManagerConfiguration.build.enableTimingAnalysis = true                             [Init: true]
mer. 14:33: INFO    : 	ManagerConfiguration.build.enableXpmMacro = true                                   [Init: true]
mer. 14:33: INFO    : 	ManagerConfiguration.build.generateHexBitfile = false                              [Init: false]
mer. 14:33: INFO    : 	ManagerConfiguration.build.implementationNearMissRetries = 0                       [Init: 0]
mer. 14:33: INFO    : 	ManagerConfiguration.build.implementationNearMissThreshold = 0                     [Init: 0]
mer. 14:33: INFO    : 	ManagerConfiguration.build.keepWrapperNodeHierarchy = true                         [Init: true]
mer. 14:33: INFO    : 	ManagerConfiguration.build.level = FULL_BUILD                                      [Init: FULL_BUILD]
mer. 14:33: INFO    : 	ManagerConfiguration.build.logicMappingScaleFactor = 1.0                           [Init: 1.0]
mer. 14:33: INFO    : 	ManagerConfiguration.build.optimizationGoal = BALANCED                             [Init: BALANCED]
mer. 14:33: INFO    : 	ManagerConfiguration.build.parallelism = 1                                         [Init: 1]
mer. 14:33: INFO    : 	ManagerConfiguration.build.powerConsumptionCritWarningThreshold = 76.5             [Init: 40.0, change: 76.5]
mer. 14:33: INFO    : 	ManagerConfiguration.build.powerConsumptionErrorThreshold = 91.79999542236328      [Init: 60.0, change: 91.79999542236328]
mer. 14:33: INFO    : 	ManagerConfiguration.build.powerConsumptionWarningThreshold = 61.20000076293945    [Init: 20.0, change: 61.20000076293945]
mer. 14:33: INFO    : 	ManagerConfiguration.build.suppressUramCascadingWarning = false                    [Init: false]
mer. 14:33: INFO    : 	ManagerConfiguration.buildTarget = DFE                                             [Init: null, init: DFE]
mer. 14:33: INFO    : 	ManagerConfiguration.debug.chipscopeCaptureDepth = 4096                            [Init: 4096]
mer. 14:33: INFO    : 	ManagerConfiguration.debug.fifoUnderOverFlowRegs = false                           [Init: false]
mer. 14:33: INFO    : 	ManagerConfiguration.debug.memCtlDebugRegs = true                                  [Init: true]
mer. 14:33: INFO    : 	ManagerConfiguration.debug.memCtlExtraDebugRegs = false                            [Init: false]
mer. 14:33: INFO    : 	ManagerConfiguration.debug.memMarginingSupport = false                             [Init: false]
mer. 14:33: INFO    : 	ManagerConfiguration.debug.memPhyDebugRegister = NONE                              [Init: NONE]
mer. 14:33: INFO    : 	ManagerConfiguration.debug.memPllLockDebugRegs = true                              [Init: true]
mer. 14:33: INFO    : 	ManagerConfiguration.debug.streamStatus = false                                    [Init: false]
mer. 14:33: INFO    : 	ManagerConfiguration.debug.streamStatusChecksums = false                           [Init: false]
mer. 14:33: INFO    : 	ManagerConfiguration.defaultAdditionalRegisters = 0                                [Init: 0]
mer. 14:33: INFO    : 	ManagerConfiguration.defaultStreamFifoDepth = 512                                  [Init: 512]
mer. 14:33: INFO    : 	ManagerConfiguration.enableMPCX = false                                            [Init: false, init: false]
mer. 14:33: INFO    : 	ManagerConfiguration.globalMcpConfig.ddrClockFreq = 266.6                          [Init: 0.0, change: 266.6]
mer. 14:33: INFO    : 	ManagerConfiguration.globalMcpConfig.hasMcp = false                                [Init: false]
mer. 14:33: INFO    : 	ManagerConfiguration.globalMcpConfig.onCardMemFreq = 272.5                         [Init: 0.0, change: 272.5]
mer. 14:33: INFO    : 	ManagerConfiguration.maxring.maxringConnections = []                               [Init: []]
mer. 14:33: INFO    : 	ManagerConfiguration.maxring.maxringNumLanes = {}                                  [Init: {}]
mer. 14:33: INFO    : 	ManagerConfiguration.multiCycleMappedMemoryBus = false                             [Init: false]
mer. 14:33: INFO    : 	ManagerConfiguration.pcie.numPCIeLanes = 0                                         [Init: 0]
mer. 14:33: INFO    : 	ManagerConfiguration.pcie.pcieFastClock = false                                    [Init: false]
mer. 14:33: INFO    : 	ManagerConfiguration.pcie.sgFetcherListSize = 16                                   [Init: 16]
mer. 14:33: INFO    : 	ManagerConfiguration.pcie.streamFromHostMaxNum = 0                                 [Init: 0]
mer. 14:33: INFO    : 	ManagerConfiguration.pcie.streamToHostMaxNum = 0                                   [Init: 0]
mer. 14:33: INFO    : 	ManagerConfiguration.simulation.javaSimVerboseLevel = LOW                          [Init: LOW]
mer. 14:33: INFO    : 	ManagerConfiguration.simulation.javaSimulationTimeout = 3600                       [Init: 3600]
mer. 14:33: INFO    : 	ManagerConfiguration.simulation.keepJavaSimLMemDataFile = false                    [Init: false]
mer. 14:33: INFO    : 	ManagerConfiguration.simulation.nativeFloatingPoint = false                        [Init: false]
mer. 14:33: INFO    : 	ManagerConfiguration.streamClockFrq = 100.0                                        [Init: 100.0]
mer. 14:33: INFO    : 	ManagerConfiguration.useLegacyStreamFIFOs = false                                  [Init: false]
mer. 14:33: INFO    : 
mer. 14:33: INFO    :  -- 
mer. 14:33: INFO    : Running kernel graph-pass 'FindCriticalPaths'.
mer. 14:33: INFO    : Latency-annotating source files (old source files in build directory will be removed first)...
mer. 14:33: INFO    : Deleting directory: src_latency_LINEAR_LAYER_KERNEL1_input_to_output
mer. 14:33: INFO    : Latency-annotating source files (old source files in build directory will be removed first)...
mer. 14:33: INFO    : Deleting directory: src_latency_LINEAR_LAYER_KERNEL1_weights_to_output
mer. 14:33: INFO    : Latency-annotating source files (old source files in build directory will be removed first)...
mer. 14:33: INFO    : Deleting directory: src_latency_LINEAR_LAYER_KERNEL1_biases_to_output
mer. 14:33: INFO    : Graph-pass 'FindCriticalPaths' took 129.207 ms (1 iterations)
mer. 14:33: INFO    : Running kernel graph-pass 'FindCriticalPaths'.
mer. 14:33: INFO    : Latency-annotating source files (old source files in build directory will be removed first)...
mer. 14:33: INFO    : Deleting directory: src_latency_LINEAR_LAYER_KERNEL2_input_to_output
mer. 14:33: INFO    : Latency-annotating source files (old source files in build directory will be removed first)...
mer. 14:33: INFO    : Deleting directory: src_latency_LINEAR_LAYER_KERNEL2_weights_to_output
mer. 14:33: INFO    : Latency-annotating source files (old source files in build directory will be removed first)...
mer. 14:33: INFO    : Deleting directory: src_latency_LINEAR_LAYER_KERNEL2_biases_to_output
mer. 14:33: INFO    : Graph-pass 'FindCriticalPaths' took 115.131 ms (1 iterations)
mer. 14:33: INFO    : Deleting /mnt/beegfs/home/jusers/goumaz1/jumax/workspace/framework-dl-DFE/builds/framework-dl/LinearLayer_MAX5C_DFE/scratch/vivado_version_test
mer. 14:33: INFO    : Running command: export XILINX_LOCAL_USER_DATA=no; vivado   -version 2>&1 > vivado_version_test
mer. 14:33: INFO    : Checking for file hash changes...
mer. 14:33: INFO    : No changes.
mer. 14:33: INFO    : Couldn't find file /mnt/beegfs/home/jusers/goumaz1/jumax/workspace/framework-dl-DFE/builds/framework-dl/LinearLayer_MAX5C_DFE/scratch/vivado_version_test, giving it a second chance.
mer. 14:33: INFO    : Output file does not exist: /mnt/beegfs/home/jusers/goumaz1/jumax/workspace/framework-dl-DFE/builds/framework-dl/LinearLayer_MAX5C_DFE/scratch/vivado_version_test
mer. 14:33: INFO    : Deleting /mnt/beegfs/home/jusers/goumaz1/jumax/workspace/framework-dl-DFE/builds/framework-dl/LinearLayer_MAX5C_DFE/scratch/vivado_version_test
mer. 14:33: INFO    : Running command: export XILINX_LOCAL_USER_DATA=no; vivado   -version 2>&1 > vivado_version_test
mer. 14:33: INFO    : Checking for file hash changes...
mer. 14:33: INFO    : No changes.
mer. 14:33: INFO    : Couldn't find file /mnt/beegfs/home/jusers/goumaz1/jumax/workspace/framework-dl-DFE/builds/framework-dl/LinearLayer_MAX5C_DFE/scratch/vivado_version_test, giving it a second chance.
mer. 14:33: INFO    : Output file does not exist: /mnt/beegfs/home/jusers/goumaz1/jumax/workspace/framework-dl-DFE/builds/framework-dl/LinearLayer_MAX5C_DFE/scratch/vivado_version_test
mer. 14:33: WARNING : Vivado version not specified in build conf max5.vivado.version. Using default version 2017.4
mer. 14:33: INFO    : Detected Vivado version 2017.4
mer. 14:33: INFO    : Deleting /mnt/beegfs/home/jusers/goumaz1/jumax/workspace/framework-dl-DFE/builds/framework-dl/LinearLayer_MAX5C_DFE/scratch/vivado_part_details.log
mer. 14:33: INFO    : Running command: export XILINX_LOCAL_USER_DATA=no; vivado  -mode batch -source get_part_details.tcl 2>&1 > vivado_part_details.log
mer. 14:35: WARNING : Vivado version not specified in build conf max5.vivado.version. Using default version 2017.4
mer. 14:35: INFO    : Detected Vivado version 2017.4
mer. 14:35: INFO    : Running manager compiler graph-pass: GenerateMXGInfo
mer. 14:35: INFO    : Running manager compiler graph-pass: ClockWidthAssignment
mer. 14:35: INFO    : Running manager compiler graph-pass: InsertDualAspectLogic
mer. 14:35: INFO    : Running manager compiler graph-pass: ClockWidthAssignment
mer. 14:35: INFO    : Running manager compiler graph-pass: InsertPullPushAdapter
mer. 14:35: INFO    : Running manager compiler graph-pass: ClockWidthAssignment
mer. 14:35: INFO    : Running manager compiler graph-pass: InsertStreamFifos
mer. 14:35: INFO    : Running manager compiler graph-pass: ClockWidthAssignment
mer. 14:35: INFO    : Running manager compiler graph-pass: InsertStreamStatus
mer. 14:35: INFO    : Running manager compiler graph-pass: InsertChipscope
mer. 14:35: INFO    : Inserted 0 chipscope manager nodes.
mer. 14:35: INFO    : Running manager compiler graph-pass: ClockWidthAssignment
mer. 14:35: INFO    : Running manager compiler graph-pass: ReportClockAssignments
mer. 14:35: INFO    : Running kernel graph-pass 'WeightBasedCEPartitioner'.
mer. 14:35: INFO    : Partitioning design into 1 CE domain(s) to minimize global signal fanout.
mer. 14:35: INFO    : Graph-pass 'WeightBasedCEPartitioner' took 108.990 µs (1 iterations)
mer. 14:35: INFO    : Using maximum counter CE delay chain length 8
mer. 14:35: INFO    : CE Partition 0 Clock Phase 0 : Nodes=187 (use fill=14, use flush=7) Fill counters=3 (+9 delay regs) Flush counters=3 (+0 delay regs)
mer. 14:35: INFO    : Running kernel graph-pass 'FindWriteableMappedMemories'.
mer. 14:35: INFO    : Graph-pass 'FindWriteableMappedMemories' took 102.414 µs (1 iterations)
mer. 14:35: INFO    : Running kernel graph-pass 'MarkConstantPass'.
mer. 14:35: INFO    : Graph-pass 'MarkConstantPass' took 448.232 µs (1 iterations)
mer. 14:35: INFO    : Running kernel graph-pass 'MaxConstantLatency'.
mer. 14:35: INFO    : Graph-pass 'MaxConstantLatency' took 521.415 µs (1 iterations)
mer. 14:35: INFO    : Maximum constant latency: 1
mer. 14:35: INFO    : Running kernel graph-pass 'PhotonMaxDCTopEntityWithSM'.
mer. 14:35: INFO    : MaxFanoutToReduce attribute for logicSource(1) has no effect for Max5
mer. 14:35: INFO    : Remaining MaxFanoutToReduce attribute warnings will be truncated
mer. 14:35: INFO    : Implementing static multi-stage delay of 1 (20 bits wide), cost 0 RAMB18-equivalents, and 20 SRL32s. Made from: 0 x 0 BRAMs, Straggler BRAM 0, SRL of length 1
mer. 14:35: INFO    : Implementing static multi-stage delay of 1 (32 bits wide), cost 0 RAMB18-equivalents, and 32 SRL32s. Made from: 0 x 0 BRAMs, Straggler BRAM 0, SRL of length 1
mer. 14:35: INFO    : Implementing static multi-stage delay of 124 (1 bits wide), cost 1 RAMB18-equivalents, and 0 SRL32s. Made from: 0 x 512 BRAMs, Straggler BRAM 122, SRL of length 0
mer. 14:35: INFO    : Implementing static multi-stage delay of 5 (20 bits wide), cost 0 RAMB18-equivalents, and 20 SRL32s. Made from: 0 x 0 BRAMs, Straggler BRAM 0, SRL of length 5
mer. 14:35: INFO    : Implementing static multi-stage delay of 1 (20 bits wide), cost 0 RAMB18-equivalents, and 20 SRL32s. Made from: 0 x 0 BRAMs, Straggler BRAM 0, SRL of length 1
mer. 14:35: INFO    : Implementing static multi-stage delay of 8 (1 bits wide), cost 0 RAMB18-equivalents, and 1 SRL32s. Made from: 0 x 0 BRAMs, Straggler BRAM 0, SRL of length 8
mer. 14:35: INFO    : Implementing static multi-stage delay of 2 (20 bits wide), cost 0 RAMB18-equivalents, and 20 SRL32s. Made from: 0 x 0 BRAMs, Straggler BRAM 0, SRL of length 2
mer. 14:35: INFO    : Implementing static multi-stage delay of 4 (1 bits wide), cost 0 RAMB18-equivalents, and 1 SRL32s. Made from: 0 x 0 BRAMs, Straggler BRAM 0, SRL of length 4
mer. 14:35: INFO    : Implementing static multi-stage delay of 6 (1 bits wide), cost 0 RAMB18-equivalents, and 1 SRL32s. Made from: 0 x 0 BRAMs, Straggler BRAM 0, SRL of length 6
mer. 14:35: INFO    : Implementing static multi-stage delay of 20 (1 bits wide), cost 0 RAMB18-equivalents, and 1 SRL32s. Made from: 0 x 0 BRAMs, Straggler BRAM 0, SRL of length 20
mer. 14:35: INFO    : Implementing static multi-stage delay of 34 (1 bits wide), cost 1 RAMB18-equivalents, and 0 SRL32s. Made from: 0 x 512 BRAMs, Straggler BRAM 32, SRL of length 0
mer. 14:35: INFO    : Implementing static multi-stage delay of 16 (10 bits wide), cost 0 RAMB18-equivalents, and 10 SRL32s. Made from: 0 x 0 BRAMs, Straggler BRAM 0, SRL of length 16
mer. 14:35: INFO    : Implementing static multi-stage delay of 7 (10 bits wide), cost 0 RAMB18-equivalents, and 10 SRL32s. Made from: 0 x 0 BRAMs, Straggler BRAM 0, SRL of length 7
mer. 14:35: INFO    : Implementing static multi-stage delay of 4 (22 bits wide), cost 0 RAMB18-equivalents, and 22 SRL32s. Made from: 0 x 0 BRAMs, Straggler BRAM 0, SRL of length 4
mer. 14:35: INFO    : Implementing static multi-stage delay of 2 (2 bits wide), cost 0 RAMB18-equivalents, and 2 SRL32s. Made from: 0 x 0 BRAMs, Straggler BRAM 0, SRL of length 2
mer. 14:35: INFO    : Implementing static multi-stage delay of 3 (24 bits wide), cost 0 RAMB18-equivalents, and 24 SRL32s. Made from: 0 x 0 BRAMs, Straggler BRAM 0, SRL of length 3
mer. 14:35: INFO    : Implementing static multi-stage delay of 3 (14 bits wide), cost 0 RAMB18-equivalents, and 14 SRL32s. Made from: 0 x 0 BRAMs, Straggler BRAM 0, SRL of length 3
mer. 14:35: INFO    : Implementing static multi-stage delay of 4 (27 bits wide), cost 0 RAMB18-equivalents, and 27 SRL32s. Made from: 0 x 0 BRAMs, Straggler BRAM 0, SRL of length 4
mer. 14:35: INFO    : Implementing static multi-stage delay of 12 (1 bits wide), cost 0 RAMB18-equivalents, and 1 SRL32s. Made from: 0 x 0 BRAMs, Straggler BRAM 0, SRL of length 12
mer. 14:35: INFO    : Implementing static multi-stage delay of 17 (1 bits wide), cost 0 RAMB18-equivalents, and 1 SRL32s. Made from: 0 x 0 BRAMs, Straggler BRAM 0, SRL of length 17
mer. 14:35: INFO    : Implementing static multi-stage delay of 12 (1 bits wide), cost 0 RAMB18-equivalents, and 1 SRL32s. Made from: 0 x 0 BRAMs, Straggler BRAM 0, SRL of length 12
mer. 14:35: INFO    : Implementing static multi-stage delay of 18 (1 bits wide), cost 0 RAMB18-equivalents, and 1 SRL32s. Made from: 0 x 0 BRAMs, Straggler BRAM 0, SRL of length 18
mer. 14:35: INFO    : Implementing static multi-stage delay of 1 (1 bits wide), cost 0 RAMB18-equivalents, and 1 SRL32s. Made from: 0 x 0 BRAMs, Straggler BRAM 0, SRL of length 1
mer. 14:35: INFO    : Implementing static multi-stage delay of 2 (1 bits wide), cost 0 RAMB18-equivalents, and 1 SRL32s. Made from: 0 x 0 BRAMs, Straggler BRAM 0, SRL of length 2
mer. 14:35: INFO    : Implementing static multi-stage delay of 3 (8 bits wide), cost 0 RAMB18-equivalents, and 8 SRL32s. Made from: 0 x 0 BRAMs, Straggler BRAM 0, SRL of length 3
mer. 14:35: INFO    : Implementing static multi-stage delay of 1 (24 bits wide), cost 0 RAMB18-equivalents, and 24 SRL32s. Made from: 0 x 0 BRAMs, Straggler BRAM 0, SRL of length 1
mer. 14:35: INFO    : Implementing static multi-stage delay of 3 (23 bits wide), cost 0 RAMB18-equivalents, and 23 SRL32s. Made from: 0 x 0 BRAMs, Straggler BRAM 0, SRL of length 3
mer. 14:35: INFO    : Graph-pass 'PhotonMaxDCTopEntityWithSM' took 949.286 ms (1 iterations)
mer. 14:35: INFO    : NoBuffer attribute for logicSource(1) has no effect for Max5
mer. 14:35: INFO    : NoBuffer attribute for logicSource(1) has no effect for Max5
mer. 14:35: INFO    : Writing current graph to: LinearLayer-LINEAR_LAYER_KERNEL1-final-hardware.pxg
mer. 14:35: INFO    : Running kernel graph-pass 'GeneratePXG'.
mer. 14:35: INFO    : Graph-pass 'GeneratePXG' took 21.3051 ms (1 iterations)
mer. 14:35: INFO    : Running kernel graph-pass 'WeightBasedCEPartitioner'.
mer. 14:35: INFO    : Partitioning design into 1 CE domain(s) to minimize global signal fanout.
mer. 14:35: INFO    : Graph-pass 'WeightBasedCEPartitioner' took 51.6390 µs (1 iterations)
mer. 14:35: INFO    : Using maximum counter CE delay chain length 8
mer. 14:35: INFO    : CE Partition 0 Clock Phase 0 : Nodes=187 (use fill=14, use flush=7) Fill counters=3 (+9 delay regs) Flush counters=3 (+0 delay regs)
mer. 14:35: INFO    : Running kernel graph-pass 'FindWriteableMappedMemories'.
mer. 14:35: INFO    : Graph-pass 'FindWriteableMappedMemories' took 52.6930 µs (1 iterations)
mer. 14:35: INFO    : Running kernel graph-pass 'MarkConstantPass'.
mer. 14:35: INFO    : Graph-pass 'MarkConstantPass' took 229.556 µs (1 iterations)
mer. 14:35: INFO    : Running kernel graph-pass 'MaxConstantLatency'.
mer. 14:35: INFO    : Graph-pass 'MaxConstantLatency' took 271.676 µs (1 iterations)
mer. 14:35: INFO    : Maximum constant latency: 1
mer. 14:35: INFO    : Running kernel graph-pass 'PhotonMaxDCTopEntityWithSM'.
mer. 14:35: INFO    : Implementing static multi-stage delay of 1 (20 bits wide), cost 0 RAMB18-equivalents, and 20 SRL32s. Made from: 0 x 0 BRAMs, Straggler BRAM 0, SRL of length 1
mer. 14:35: INFO    : Implementing static multi-stage delay of 1 (32 bits wide), cost 0 RAMB18-equivalents, and 32 SRL32s. Made from: 0 x 0 BRAMs, Straggler BRAM 0, SRL of length 1
mer. 14:35: INFO    : Implementing static multi-stage delay of 124 (1 bits wide), cost 1 RAMB18-equivalents, and 0 SRL32s. Made from: 0 x 512 BRAMs, Straggler BRAM 122, SRL of length 0
mer. 14:35: INFO    : Implementing static multi-stage delay of 5 (20 bits wide), cost 0 RAMB18-equivalents, and 20 SRL32s. Made from: 0 x 0 BRAMs, Straggler BRAM 0, SRL of length 5
mer. 14:35: INFO    : Implementing static multi-stage delay of 1 (20 bits wide), cost 0 RAMB18-equivalents, and 20 SRL32s. Made from: 0 x 0 BRAMs, Straggler BRAM 0, SRL of length 1
mer. 14:35: INFO    : Implementing static multi-stage delay of 8 (1 bits wide), cost 0 RAMB18-equivalents, and 1 SRL32s. Made from: 0 x 0 BRAMs, Straggler BRAM 0, SRL of length 8
mer. 14:35: INFO    : Implementing static multi-stage delay of 2 (20 bits wide), cost 0 RAMB18-equivalents, and 20 SRL32s. Made from: 0 x 0 BRAMs, Straggler BRAM 0, SRL of length 2
mer. 14:35: INFO    : Implementing static multi-stage delay of 4 (1 bits wide), cost 0 RAMB18-equivalents, and 1 SRL32s. Made from: 0 x 0 BRAMs, Straggler BRAM 0, SRL of length 4
mer. 14:35: INFO    : Implementing static multi-stage delay of 6 (1 bits wide), cost 0 RAMB18-equivalents, and 1 SRL32s. Made from: 0 x 0 BRAMs, Straggler BRAM 0, SRL of length 6
mer. 14:35: INFO    : Implementing static multi-stage delay of 20 (1 bits wide), cost 0 RAMB18-equivalents, and 1 SRL32s. Made from: 0 x 0 BRAMs, Straggler BRAM 0, SRL of length 20
mer. 14:35: INFO    : Implementing static multi-stage delay of 34 (1 bits wide), cost 1 RAMB18-equivalents, and 0 SRL32s. Made from: 0 x 512 BRAMs, Straggler BRAM 32, SRL of length 0
mer. 14:35: INFO    : Implementing static multi-stage delay of 16 (10 bits wide), cost 0 RAMB18-equivalents, and 10 SRL32s. Made from: 0 x 0 BRAMs, Straggler BRAM 0, SRL of length 16
mer. 14:35: INFO    : Implementing static multi-stage delay of 7 (10 bits wide), cost 0 RAMB18-equivalents, and 10 SRL32s. Made from: 0 x 0 BRAMs, Straggler BRAM 0, SRL of length 7
mer. 14:35: INFO    : Implementing static multi-stage delay of 4 (22 bits wide), cost 0 RAMB18-equivalents, and 22 SRL32s. Made from: 0 x 0 BRAMs, Straggler BRAM 0, SRL of length 4
mer. 14:35: INFO    : Implementing static multi-stage delay of 2 (2 bits wide), cost 0 RAMB18-equivalents, and 2 SRL32s. Made from: 0 x 0 BRAMs, Straggler BRAM 0, SRL of length 2
mer. 14:35: INFO    : Implementing static multi-stage delay of 3 (24 bits wide), cost 0 RAMB18-equivalents, and 24 SRL32s. Made from: 0 x 0 BRAMs, Straggler BRAM 0, SRL of length 3
mer. 14:35: INFO    : Implementing static multi-stage delay of 3 (14 bits wide), cost 0 RAMB18-equivalents, and 14 SRL32s. Made from: 0 x 0 BRAMs, Straggler BRAM 0, SRL of length 3
mer. 14:35: INFO    : Implementing static multi-stage delay of 4 (27 bits wide), cost 0 RAMB18-equivalents, and 27 SRL32s. Made from: 0 x 0 BRAMs, Straggler BRAM 0, SRL of length 4
mer. 14:35: INFO    : Implementing static multi-stage delay of 12 (1 bits wide), cost 0 RAMB18-equivalents, and 1 SRL32s. Made from: 0 x 0 BRAMs, Straggler BRAM 0, SRL of length 12
mer. 14:35: INFO    : Implementing static multi-stage delay of 17 (1 bits wide), cost 0 RAMB18-equivalents, and 1 SRL32s. Made from: 0 x 0 BRAMs, Straggler BRAM 0, SRL of length 17
mer. 14:35: INFO    : Implementing static multi-stage delay of 12 (1 bits wide), cost 0 RAMB18-equivalents, and 1 SRL32s. Made from: 0 x 0 BRAMs, Straggler BRAM 0, SRL of length 12
mer. 14:35: INFO    : Implementing static multi-stage delay of 18 (1 bits wide), cost 0 RAMB18-equivalents, and 1 SRL32s. Made from: 0 x 0 BRAMs, Straggler BRAM 0, SRL of length 18
mer. 14:35: INFO    : Implementing static multi-stage delay of 1 (1 bits wide), cost 0 RAMB18-equivalents, and 1 SRL32s. Made from: 0 x 0 BRAMs, Straggler BRAM 0, SRL of length 1
mer. 14:35: INFO    : Implementing static multi-stage delay of 2 (1 bits wide), cost 0 RAMB18-equivalents, and 1 SRL32s. Made from: 0 x 0 BRAMs, Straggler BRAM 0, SRL of length 2
mer. 14:35: INFO    : Implementing static multi-stage delay of 3 (8 bits wide), cost 0 RAMB18-equivalents, and 8 SRL32s. Made from: 0 x 0 BRAMs, Straggler BRAM 0, SRL of length 3
mer. 14:35: INFO    : Implementing static multi-stage delay of 1 (24 bits wide), cost 0 RAMB18-equivalents, and 24 SRL32s. Made from: 0 x 0 BRAMs, Straggler BRAM 0, SRL of length 1
mer. 14:35: INFO    : Implementing static multi-stage delay of 3 (23 bits wide), cost 0 RAMB18-equivalents, and 23 SRL32s. Made from: 0 x 0 BRAMs, Straggler BRAM 0, SRL of length 3
mer. 14:35: INFO    : Graph-pass 'PhotonMaxDCTopEntityWithSM' took 512.658 ms (1 iterations)
mer. 14:35: INFO    : NoBuffer attribute for logicSource(1) has no effect for Max5
mer. 14:35: INFO    : NoBuffer attribute for logicSource(1) has no effect for Max5
mer. 14:35: INFO    : Writing current graph to: LinearLayer-LINEAR_LAYER_KERNEL2-final-hardware.pxg
mer. 14:35: INFO    : Running kernel graph-pass 'GeneratePXG'.
mer. 14:35: INFO    : Graph-pass 'GeneratePXG' took 19.7702 ms (1 iterations)
mer. 14:35: INFO    : Running manager compiler graph-pass: GenerateMXGInfo
mer. 14:35: INFO    : Running manager compiler graph-pass: GenerateSlicHostCode
mer. 14:35: INFO    : Generating SLIC interface information
mer. 14:35: INFO    : Generating SLIC code for interface 'default'
mer. 14:35: INFO    : Skipping blacklisted scalar parameter 'LINEAR_LAYER_KERNEL1.current_run_cycle_count'
mer. 14:35: INFO    : Skipping blacklisted scalar parameter 'LINEAR_LAYER_KERNEL2.current_run_cycle_count'
mer. 14:35: INFO    : Interface 'default' depends on parameter 'BS'
mer. 14:35: INFO    : Interface 'default' depends on parameter 'IS1'
mer. 14:35: INFO    : Interface 'default' depends on parameter 'IS2'
mer. 14:35: INFO    : Interface 'default' depends on parameter 'OS1'
mer. 14:35: INFO    : Interface 'default' depends on parameter 'OS2'
mer. 14:35: INFO    : Interface 'default' depends on parameter 'LINEAR_LAYER_KERNEL1_offset'
mer. 14:35: INFO    : Interface 'default' depends on parameter 'LINEAR_LAYER_KERNEL2_offset'
mer. 14:35: INFO    : Generating XML description for Maxfile
mer. 14:35: INFO    : Generating XML description for mode 'default'
mer. 14:35: INFO    : Skipping blacklisted scalar parameter 'LINEAR_LAYER_KERNEL1.current_run_cycle_count'
mer. 14:35: INFO    : Skipping blacklisted scalar parameter 'LINEAR_LAYER_KERNEL2.current_run_cycle_count'
mer. 14:35: INFO    : Interface 'default' depends on parameter 'BS'
mer. 14:35: INFO    : Interface 'default' depends on parameter 'IS1'
mer. 14:35: INFO    : Interface 'default' depends on parameter 'IS2'
mer. 14:35: INFO    : Interface 'default' depends on parameter 'OS1'
mer. 14:35: INFO    : Interface 'default' depends on parameter 'OS2'
mer. 14:35: INFO    : Interface 'default' depends on parameter 'LINEAR_LAYER_KERNEL1_offset'
mer. 14:35: INFO    : Interface 'default' depends on parameter 'LINEAR_LAYER_KERNEL2_offset'
mer. 14:35: INFO    : Adding SLIC sections to the maxfile
mer. 14:35: INFO    : Adding user files to the maxfile
mer. 14:35: INFO    : Generating SLIC include file
mer. 14:35: INFO    : Done generating SLIC interface information
mer. 14:35: INFO    : Waiting for any external asynchronous jobs to complete (e.g. MegaWizard/CoreGen)...
mer. 14:35: INFO    : All asynchronous jobs are now completed.
mer. 14:35: INFO    : Waiting for any external asynchronous jobs to complete (e.g. MegaWizard/CoreGen)...
mer. 14:35: INFO    : All asynchronous jobs are now completed.
mer. 14:35: INFO    : SystemMonitor: Calculated clock divider as 13 --> 0x0d00
mer. 14:35: INFO    : Requested outputs:
mer. 14:35: INFO    :   - output[0] = 100.000000
mer. 14:35: INFO    : Limits:
mer. 14:35: INFO    :   - Multiplier: 8.000 < value < 64.000
mer. 14:35: INFO    :   - Divider:        1 < value <    10
mer. 14:35: INFO    : Max/min freqs are 100.00 and 100.00
mer. 14:35: INFO    : normalizedDivisionFactors[0] = 1.00 (f was 100.000)
mer. 14:35: INFO    : divScale = 1.00 | vcoHighestFreq =  100.0000 || Update: bestFit = 0.000000, divScaleBest = 1.000000
mer. 14:35: INFO    : Best fit found to be for divScaleBest = 1.00
mer. 14:35: INFO    : Output scaling factors:
mer. 14:35: INFO    :  - normalizedDivisionFactors[0] = 1 (f was 100.000)
mer. 14:35: INFO    : MMCM freerun_pcie: freq in: 100.0 multiplier: 64.0 divider: 4 vco: 1600.0
mer. 14:35: INFO    : 	OUT[0]: 16 (100.0MHz)
mer. 14:35: INFO    : Stream clock generation (freerun_pcie) - Met requested clock frequency: 100.000000, phase: 0.000000, duty cycle: 0.500000 static
mer. 14:35: INFO    : Requested outputs:
mer. 14:35: INFO    :   - output[0] = 50.000000
mer. 14:35: INFO    : Limits:
mer. 14:35: INFO    :   - Multiplier: 8.000 < value < 64.000
mer. 14:35: INFO    :   - Divider:        1 < value <    10
mer. 14:35: INFO    : Max/min freqs are 50.00 and 50.00
mer. 14:35: INFO    : normalizedDivisionFactors[0] = 1.00 (f was 50.000)
mer. 14:35: INFO    : divScale = 1.00 | vcoHighestFreq =   50.0000 || Update: bestFit = 0.000000, divScaleBest = 1.000000
mer. 14:35: INFO    : Best fit found to be for divScaleBest = 1.00
mer. 14:35: INFO    : Output scaling factors:
mer. 14:35: INFO    :  - normalizedDivisionFactors[0] = 1 (f was 50.000)
mer. 14:35: INFO    : MMCM global: freq in: 100.0 multiplier: 64.0 divider: 4 vco: 1600.0
mer. 14:35: INFO    : 	OUT[0]: 32 (50.0MHz)
mer. 14:35: INFO    : Stream clock generation (global) - Met requested clock frequency: 50.000000, phase: 0.000000, duty cycle: 0.500000 static
mer. 14:35: INFO    : Waiting for any external asynchronous jobs to complete (e.g. MegaWizard/CoreGen)...
mer. 14:35: INFO    : All asynchronous jobs are now completed.
mer. 14:35: INFO    : Requested outputs:
mer. 14:35: INFO    :   - output[0] = 100.000000
mer. 14:35: INFO    : Limits:
mer. 14:35: INFO    :   - Multiplier: 8.000 < value < 64.000
mer. 14:35: INFO    :   - Divider:        1 < value <    10
mer. 14:35: INFO    : Max/min freqs are 100.00 and 100.00
mer. 14:35: INFO    : normalizedDivisionFactors[0] = 1.00 (f was 100.000)
mer. 14:35: INFO    : divScale = 1.00 | vcoHighestFreq =  100.0000 || Update: bestFit = 0.000000, divScaleBest = 1.000000
mer. 14:35: INFO    : Best fit found to be for divScaleBest = 1.00
mer. 14:35: INFO    : Output scaling factors:
mer. 14:35: INFO    :  - normalizedDivisionFactors[0] = 1 (f was 100.000)
mer. 14:35: INFO    : MMCM STREAM: freq in: 100.0 multiplier: 64.0 divider: 4 vco: 1600.0
mer. 14:35: INFO    : 	OUT[0]: 16 (100.0MHz)
mer. 14:35: INFO    : Stream clock generation (STREAM) - Met requested clock frequency: 100.000000, phase: 0.000000, duty cycle: 0.500000 static
mer. 14:35: INFO    : Control Streams: Connecting block MappedElementsSwitchPCIeEA with select value: 1
mer. 14:35: INFO    : Requested outputs:
mer. 14:35: INFO    :   - output[0] = 100.000000
mer. 14:35: INFO    :   - output[1] = 200.000000
mer. 14:35: INFO    : Limits:
mer. 14:35: INFO    :   - Multiplier: 8.000 < value < 64.000
mer. 14:35: INFO    :   - Divider:        1 < value <    10
mer. 14:35: INFO    : Max/min freqs are 200.00 and 100.00
mer. 14:35: INFO    : normalizedDivisionFactors[0] = 2.00 (f was 100.000)
mer. 14:35: INFO    : normalizedDivisionFactors[1] = 1.00 (f was 200.000)
mer. 14:35: INFO    : divScale = 1.00 | vcoHighestFreq =  200.0000 || Update: bestFit = 0.000000, divScaleBest = 1.000000
mer. 14:35: INFO    : Best fit found to be for divScaleBest = 1.00
mer. 14:35: INFO    : Output scaling factors:
mer. 14:35: INFO    :  - normalizedDivisionFactors[0] = 2 (f was 100.000)
mer. 14:35: INFO    :  - normalizedDivisionFactors[1] = 1 (f was 200.000)
mer. 14:35: INFO    : MMCM axi_c2c: freq in: 100.0 multiplier: 64.0 divider: 4 vco: 1600.0
mer. 14:35: INFO    : 	OUT[0]: 16 (100.0MHz)
mer. 14:35: INFO    : 	OUT[1]: 8 (200.0MHz)
mer. 14:35: INFO    : Stream clock generation (axi_c2c) - Met requested clock frequency: 100.000000, phase: 0.000000, duty cycle: 0.500000 static
mer. 14:35: INFO    : Stream clock generation (axi_c2c) - Met requested clock frequency: 200.000000, phase: 0.000000, duty cycle: 0.500000 static
mer. 14:35: INFO    : Connecting AxiChip2ChipIp_vivado2017_1_xcVU9P_FLGB2104_2_I_ES1_m_i_NONE_32_32_0_0_DDR_2_d_cs_ndc_ndi:s_axi* to axi_transfer_ctrl:m_axi*
mer. 14:35: INFO    : Connecting axi_transfer_ctrl:m_axi* to AxiChip2ChipIp_vivado2017_1_xcVU9P_FLGB2104_2_I_ES1_m_i_NONE_32_32_0_0_DDR_2_d_cs_ndc_ndi:s_axi*
mer. 14:35: INFO    : Updating the preliminary MaxCompilerDesignData.dat. (@ Main build)
mer. 14:35: INFO    : Deleting /mnt/beegfs/home/jusers/goumaz1/jumax/workspace/framework-dl-DFE/builds/framework-dl/LinearLayer_MAX5C_DFE/scratch/MaxCompilerDesignData.dat
mer. 14:35: PROGRESS: Generating input files (VHDL, netlists, vendor specific IP cores)
mer. 14:35: INFO    : Running command: ulimit -v 5767168;export XILINX_LOCAL_USER_DATA=no; vivado  -mode batch -source com_maxeler_platform_max5_toolchain_ip_fifogenerator_FifoGeneratorIp_vivado2017_4_xcVU9P_FLGB2104_2_E_34_512_34_forcebram_dualclock_rst_pf496_fwft_gen.tcl -log com_maxeler_platform_max5_toolchain_ip_fifogenerator_FifoGeneratorIp_vivado2017_4_xcVU9P_FLGB2104_2_E_34_512_34_forcebram_dualclock_rst_pf496_fwft_gen.log 2> stderr.log > /dev/null
mer. 14:41: INFO    : Running command: ulimit -v 5767168;export XILINX_LOCAL_USER_DATA=no; vivado  -mode batch -source com_maxeler_platform_max5_toolchain_ip_fifogenerator_FifoGeneratorIp_vivado2017_4_xcVU9P_FLGB2104_2_E_128_128_64_forcebram_dualclock_rst_pf79_gen.tcl -log com_maxeler_platform_max5_toolchain_ip_fifogenerator_FifoGeneratorIp_vivado2017_4_xcVU9P_FLGB2104_2_E_128_128_64_forcebram_dualclock_rst_pf79_gen.log 2> stderr.log > /dev/null
mer. 14:48: INFO    : Running command: ulimit -v 5767168;export XILINX_LOCAL_USER_DATA=no; vivado  -mode batch -source com_maxeler_platform_max5_toolchain_ip_fifogenerator_FifoGeneratorIp_vivado2017_4_xcVU9P_FLGB2104_2_E_34_512_34_dualclock_rst_pf384_fwft_wrcount_gen.tcl -log com_maxeler_platform_max5_toolchain_ip_fifogenerator_FifoGeneratorIp_vivado2017_4_xcVU9P_FLGB2104_2_E_34_512_34_dualclock_rst_pf384_fwft_wrcount_gen.log 2> stderr.log > /dev/null
mer. 14:54: INFO    : Running command: ulimit -v 5767168;export XILINX_LOCAL_USER_DATA=no; vivado  -mode batch -source com_maxeler_platform_max5_toolchain_ip_fifogenerator_FifoGeneratorIp_vivado2017_4_xcVU9P_FLGB2104_2_E_34_512_34_dualclock_rst_pf496_gen.tcl -log com_maxeler_platform_max5_toolchain_ip_fifogenerator_FifoGeneratorIp_vivado2017_4_xcVU9P_FLGB2104_2_E_34_512_34_dualclock_rst_pf496_gen.log 2> stderr.log > /dev/null
mer. 15:00: INFO    : Running command: ulimit -v 5767168;export XILINX_LOCAL_USER_DATA=no; vivado  -mode batch -source com_maxeler_platform_max5_toolchain_ip_pcie_UltrascalePlusPcieIp_vivado2017_4_xcVU9P_FLGB2104_2_E_5GT_8lanes_4Mbar4X1Y2_freerunclk_gen.tcl -log com_maxeler_platform_max5_toolchain_ip_pcie_UltrascalePlusPcieIp_vivado2017_4_xcVU9P_FLGB2104_2_E_5GT_8lanes_4Mbar4X1Y2_freerunclk_gen.log 2> stderr.log > /dev/null
mer. 15:09: INFO    : Mapped register report:
mer. 15:09: INFO    : 	0	SFA_FORWARD_EN	4bytes
mer. 15:09: INFO    : 	4	dbg_stall_vector	1bytes
mer. 15:09: INFO    : 	5	insize	3bytes
mer. 15:09: INFO    : 	8	io_output_force_disabled	1bytes
mer. 15:09: INFO    : 	9	outsize	3bytes
mer. 15:09: INFO    : 	c	io_input_force_disabled	1bytes
mer. 15:09: INFO    : 	d	batchsize	3bytes
mer. 15:09: INFO    : 	10	io_weights_force_disabled	1bytes
mer. 15:09: INFO    : 	11	io_biases_force_disabled	1bytes
mer. 15:09: INFO    : 	12	run_cycle_count	6bytes
mer. 15:09: INFO    : 	18	current_run_cycle_count	6bytes
mer. 15:09: INFO    : 	1e	dbg_ctld_empty	1bytes
mer. 15:09: INFO    : 	1f	dbg_ctld_almost_empty	1bytes
mer. 15:09: INFO    : 	20	dbg_ctld_done	1bytes
mer. 15:09: INFO    : 	21	dbg_ctld_read	1bytes
mer. 15:09: INFO    : 	22	dbg_ctld_request	1bytes
mer. 15:09: INFO    : 	23	dbg_flush_start	1bytes
mer. 15:09: INFO    : 	24	dbg_full_level	1bytes
mer. 15:09: INFO    : 	25	dbg_flush_start_level	1bytes
mer. 15:09: INFO    : 	26	dbg_done_out	1bytes
mer. 15:09: INFO    : 	27	dbg_flushing	1bytes
mer. 15:09: INFO    : 	28	dbg_fill_level	1bytes
mer. 15:09: INFO    : 	29	dbg_flush_level	1bytes
mer. 15:09: INFO    : 	2a	dbg_ctld_read_pipe_dbg	2bytes
mer. 15:09: INFO    : 	2c	dbg_out_valid	1bytes
mer. 15:09: INFO    : 	2d	dbg_out_stall	1bytes
mer. 15:09: INFO    : 	2e	dbg_stall_vector	1bytes
mer. 15:09: INFO    : 	2f	insize	3bytes
mer. 15:09: INFO    : 	32	io_output_force_disabled	1bytes
mer. 15:09: INFO    : 	33	outsize	3bytes
mer. 15:09: INFO    : 	36	io_input_force_disabled	1bytes
mer. 15:09: INFO    : 	37	batchsize	3bytes
mer. 15:09: INFO    : 	3a	io_weights_force_disabled	1bytes
mer. 15:09: INFO    : 	3b	io_biases_force_disabled	1bytes
mer. 15:09: INFO    : 	3c	run_cycle_count	6bytes
mer. 15:09: INFO    : 	42	current_run_cycle_count	6bytes
mer. 15:09: INFO    : 	48	dbg_ctld_empty	1bytes
mer. 15:09: INFO    : 	49	dbg_ctld_almost_empty	1bytes
mer. 15:09: INFO    : 	4a	dbg_ctld_done	1bytes
mer. 15:09: INFO    : 	4b	dbg_ctld_read	1bytes
mer. 15:09: INFO    : 	4c	dbg_ctld_request	1bytes
mer. 15:09: INFO    : 	4d	dbg_flush_start	1bytes
mer. 15:09: INFO    : 	4e	dbg_full_level	1bytes
mer. 15:09: INFO    : 	4f	dbg_flush_start_level	1bytes
mer. 15:09: INFO    : 	50	dbg_done_out	1bytes
mer. 15:09: INFO    : 	51	dbg_flushing	1bytes
mer. 15:09: INFO    : 	52	dbg_fill_level	1bytes
mer. 15:09: INFO    : 	53	dbg_flush_level	1bytes
mer. 15:09: INFO    : 	54	dbg_ctld_read_pipe_dbg	2bytes
mer. 15:09: INFO    : 	56	dbg_out_valid	1bytes
mer. 15:09: INFO    : 	57	dbg_out_stall	1bytes
mer. 15:09: INFO    : Mapped register chain length = 88
mer. 15:09: INFO    : Mapped register efficiency = 0.68 (476 / 704 bits)
mer. 15:09: INFO    : Mapped memory report:
mer. 15:09: INFO    : 	Memory 'MappedDRP.CHECKSUM' @ 3932160
mer. 15:09: INFO    : 	Memory 'MappedDRP.SYSTEM_MONITOR' @ 4128768
mer. 15:09: INFO    : 	Memory 'Monitoring.PERFMONITOR' @ 3866624
mer. 15:09: INFO    : Running command: ulimit -v 5767168;export XILINX_LOCAL_USER_DATA=no; vivado  -mode batch -source com_maxeler_platform_max5_toolchain_ip_fifogenerator_FifoGeneratorIp_vivado2017_4_xcVU9P_FLGB2104_2_E_128_512_128_ae_srst_pf448_fwft_dcount_gen.tcl -log com_maxeler_platform_max5_toolchain_ip_fifogenerator_FifoGeneratorIp_vivado2017_4_xcVU9P_FLGB2104_2_E_128_512_128_ae_srst_pf448_fwft_dcount_gen.log 2> stderr.log > /dev/null
mer. 15:16: INFO    : CHECK_WARNING Unexpected WARNING in /mnt/beegfs/home/jusers/goumaz1/jumax/workspace/framework-dl-DFE/builds/framework-dl/LinearLayer_MAX5C_DFE/scratch/com_maxeler_platform_max5_toolchain_ip_fifogenerator_FifoGeneratorIp_vivado2017_4_xcVU9P_FLGB2104_2_E_128_512_128_ae_srst_pf448_fwft_dcount/com_maxeler_platform_max5_toolchain_ip_fifogenerator_FifoGeneratorIp_vivado2017_4_xcVU9P_FLGB2104_2_E_128_512_128_ae_srst_pf448_fwft_dcount_gen.log: WARNING: [IP_Flow 19-3374] An attempt to modify the value of disabled parameter 'Use_Extra_Logic' from 'true' to 'false' has been ignored for IP 'com_maxeler_platform_max5_toolchain_ip_fifogenerator_FifoGeneratorIp_vivado2017_4_xcVU9P_FLGB2104_2_E_128_512_128_ae_srst_pf448_fwft_dcount'
mer. 15:16: INFO    : Running command: ulimit -v 5767168;export XILINX_LOCAL_USER_DATA=no; vivado  -mode batch -source com_maxeler_platform_max5_toolchain_ip_fifogenerator_FifoGeneratorIp_vivado2017_4_xcVU9P_FLGB2104_2_E_32_512_32_forcebram_dualclock_rst_pf474_of_uf_gen.tcl -log com_maxeler_platform_max5_toolchain_ip_fifogenerator_FifoGeneratorIp_vivado2017_4_xcVU9P_FLGB2104_2_E_32_512_32_forcebram_dualclock_rst_pf474_of_uf_gen.log 2> stderr.log > /dev/null
mer. 15:22: INFO    : Running command: ulimit -v 5767168;export XILINX_LOCAL_USER_DATA=no; vivado  -mode batch -source com_maxeler_platform_max5_toolchain_ip_fifogenerator_FifoGeneratorIp_vivado2017_4_xcVU9P_FLGB2104_2_E_32_512_32_forcebram_dualclock_rst_pf477_pe7_of_uf_gen.tcl -log com_maxeler_platform_max5_toolchain_ip_fifogenerator_FifoGeneratorIp_vivado2017_4_xcVU9P_FLGB2104_2_E_32_512_32_forcebram_dualclock_rst_pf477_pe7_of_uf_gen.log 2> stderr.log > /dev/null
mer. 15:28: INFO    : Running command: ulimit -v 5767168;export XILINX_LOCAL_USER_DATA=no; vivado  -mode batch -source com_maxeler_platform_max5_toolchain_ip_floatingpoint_VivadoFloatingPointIp_vivado2017_4_xcVU9P_FLGB2104_2_E_SUB_SINGLE_FULL_lat11_7_1_gen.tcl -log com_maxeler_platform_max5_toolchain_ip_floatingpoint_VivadoFloatingPointIp_vivado2017_4_xcVU9P_FLGB2104_2_E_SUB_SINGLE_FULL_lat11_7_1_gen.log 2> stderr.log > /dev/null
mer. 15:33: INFO    : Running command: ulimit -v 5767168;export XILINX_LOCAL_USER_DATA=no; vivado  -mode batch -source com_maxeler_platform_max5_toolchain_ip_floatingpoint_VivadoFloatingPointIp_vivado2017_4_xcVU9P_FLGB2104_2_E_DIV_SINGLE_NO_lat28_7_1_gen.tcl -log com_maxeler_platform_max5_toolchain_ip_floatingpoint_VivadoFloatingPointIp_vivado2017_4_xcVU9P_FLGB2104_2_E_DIV_SINGLE_NO_lat28_7_1_gen.log 2> stderr.log > /dev/null
mer. 15:38: INFO    : Running command: ulimit -v 5767168;export XILINX_LOCAL_USER_DATA=no; vivado  -mode batch -source com_maxeler_platform_max5_toolchain_ip_floatingpoint_VivadoFloatingPointIp_vivado2017_4_xcVU9P_FLGB2104_2_E_ADD_SINGLE_FULL_lat11_7_1_gen.tcl -log com_maxeler_platform_max5_toolchain_ip_floatingpoint_VivadoFloatingPointIp_vivado2017_4_xcVU9P_FLGB2104_2_E_ADD_SINGLE_FULL_lat11_7_1_gen.log 2> stderr.log > /dev/null
mer. 15:43: INFO    : Running command: ulimit -v 5767168;export XILINX_LOCAL_USER_DATA=no; vivado  -mode batch -source com_maxeler_platform_max5_toolchain_ip_fixedmultiplier_VivadoFixedMultiplierIp_vivado2017_4_xcVU9P_FLGB2104_2_E_com_maxeler_platform_max5_toolchain_ip_fixedmultiplier_VivadoFixedMultiplierIp_27x22_UNSIGNEDxUNSIGNED_lat4_HIGHdsp_gen.tcl -log com_maxeler_platform_max5_toolchain_ip_fixedmultiplier_VivadoFixedMultiplierIp_vivado2017_4_xcVU9P_FLGB2104_2_E_com_maxeler_platform_max5_toolchain_ip_fixedmultiplier_VivadoFixedMultiplierIp_27x22_UNSIGNEDxUNSIGNED_lat4_HIGHdsp_gen.log 2> stderr.log > /dev/null
mer. 15:47: INFO    : Running command: ulimit -v 5767168;export XILINX_LOCAL_USER_DATA=no; vivado  -mode batch -source com_maxeler_platform_max5_toolchain_ip_fixedmultiplier_VivadoFixedMultiplierIp_vivado2017_4_xcVU9P_FLGB2104_2_E_com_maxeler_platform_max5_toolchain_ip_fixedmultiplier_VivadoFixedMultiplierIp_14x24_UNSIGNEDxUNSIGNED_lat3_HIGHdsp_gen.tcl -log com_maxeler_platform_max5_toolchain_ip_fixedmultiplier_VivadoFixedMultiplierIp_vivado2017_4_xcVU9P_FLGB2104_2_E_com_maxeler_platform_max5_toolchain_ip_fixedmultiplier_VivadoFixedMultiplierIp_14x24_UNSIGNEDxUNSIGNED_lat3_HIGHdsp_gen.log 2> stderr.log > /dev/null
mer. 15:51: INFO    : CHECK_WARNING Unexpected WARNING in /mnt/beegfs/home/jusers/goumaz1/jumax/workspace/framework-dl-DFE/builds/framework-dl/LinearLayer_MAX5C_DFE/scratch/com_maxeler_platform_max5_toolchain_ip_fixedmultiplier_VivadoFixedMultiplierIp_vivado2017_4_xcVU9P_FLGB2104_2_E_com_maxeler_platform_max5_toolchain_ip_fixedmultiplier_VivadoFixedMultiplierIp_14x24_UNSIGNEDxUNSIGNED_lat3_HIGHdsp/com_maxeler_platform_max5_toolchain_ip_fixedmultiplier_VivadoFixedMultiplierIp_vivado2017_4_xcVU9P_FLGB2104_2_E_com_maxeler_platform_max5_toolchain_ip_fixedmultiplier_VivadoFixedMultiplierIp_14x24_UNSIGNEDxUNSIGNED_lat3_HIGHdsp_gen.log: WARNING: [Synth 8-5974] attribute "use_dsp48" has been deprecated, please use "use_dsp" instead
mer. 15:51: INFO    : Running command: ulimit -v 5767168;export XILINX_LOCAL_USER_DATA=no; vivado  -mode batch -source com_maxeler_platform_max5_toolchain_ip_fixedmultiplier_VivadoFixedMultiplierIp_vivado2017_4_xcVU9P_FLGB2104_2_E_com_maxeler_platform_max5_toolchain_ip_fixedmultiplier_VivadoFixedMultiplierIp_14x14_UNSIGNEDxUNSIGNED_lat3_HIGHdsp_gen.tcl -log com_maxeler_platform_max5_toolchain_ip_fixedmultiplier_VivadoFixedMultiplierIp_vivado2017_4_xcVU9P_FLGB2104_2_E_com_maxeler_platform_max5_toolchain_ip_fixedmultiplier_VivadoFixedMultiplierIp_14x14_UNSIGNEDxUNSIGNED_lat3_HIGHdsp_gen.log 2> stderr.log > /dev/null
mer. 15:55: INFO    : CHECK_WARNING Unexpected WARNING in /mnt/beegfs/home/jusers/goumaz1/jumax/workspace/framework-dl-DFE/builds/framework-dl/LinearLayer_MAX5C_DFE/scratch/com_maxeler_platform_max5_toolchain_ip_fixedmultiplier_VivadoFixedMultiplierIp_vivado2017_4_xcVU9P_FLGB2104_2_E_com_maxeler_platform_max5_toolchain_ip_fixedmultiplier_VivadoFixedMultiplierIp_14x14_UNSIGNEDxUNSIGNED_lat3_HIGHdsp/com_maxeler_platform_max5_toolchain_ip_fixedmultiplier_VivadoFixedMultiplierIp_vivado2017_4_xcVU9P_FLGB2104_2_E_com_maxeler_platform_max5_toolchain_ip_fixedmultiplier_VivadoFixedMultiplierIp_14x14_UNSIGNEDxUNSIGNED_lat3_HIGHdsp_gen.log: WARNING: [Synth 8-5974] attribute "use_dsp48" has been deprecated, please use "use_dsp" instead
mer. 15:55: INFO    : Running command: ulimit -v 5767168;export XILINX_LOCAL_USER_DATA=no; vivado  -mode batch -source com_maxeler_platform_max5_toolchain_ip_distmem_DistMemIp_vivado2017_4_xcVU9P_FLGB2104_2_E_24x16_SINGLE_PORT_ROM_inite9b4dc61ecbe94e2a28ed175e2fda2_gen.tcl -log com_maxeler_platform_max5_toolchain_ip_distmem_DistMemIp_vivado2017_4_xcVU9P_FLGB2104_2_E_24x16_SINGLE_PORT_ROM_inite9b4dc61ecbe94e2a28ed175e2fda2_gen.log 2> stderr.log > /dev/null
mer. 15:59: INFO    : Running command: ulimit -v 5767168;export XILINX_LOCAL_USER_DATA=no; vivado  -mode batch -source com_maxeler_platform_max5_toolchain_ip_fixedmultiplier_VivadoFixedMultiplierIp_vivado2017_4_xcVU9P_FLGB2104_2_E_com_maxeler_platform_max5_toolchain_ip_fixedmultiplier_VivadoFixedMultiplierIp_36x36_SIGNEDxSIGNED_lat7_HIGHdsp_gen.tcl -log com_maxeler_platform_max5_toolchain_ip_fixedmultiplier_VivadoFixedMultiplierIp_vivado2017_4_xcVU9P_FLGB2104_2_E_com_maxeler_platform_max5_toolchain_ip_fixedmultiplier_VivadoFixedMultiplierIp_36x36_SIGNEDxSIGNED_lat7_HIGHdsp_gen.log 2> stderr.log > /dev/null
mer. 16:04: INFO    : Running command: ulimit -v 5767168;export XILINX_LOCAL_USER_DATA=no; vivado  -mode batch -source com_maxeler_platform_max5_toolchain_ip_floatingpoint_VivadoFloatingPointIp_vivado2017_4_xcVU9P_FLGB2104_2_E_MUL_SINGLE_FULL_lat8_7_1_gen.tcl -log com_maxeler_platform_max5_toolchain_ip_floatingpoint_VivadoFloatingPointIp_vivado2017_4_xcVU9P_FLGB2104_2_E_MUL_SINGLE_FULL_lat8_7_1_gen.log 2> stderr.log > /dev/null
mer. 16:08: INFO    : Running command: ulimit -v 5767168;export XILINX_LOCAL_USER_DATA=no; vivado  -mode batch -source com_maxeler_platform_max5_toolchain_ip_fixedmultiplier_VivadoFixedMultiplierIp_vivado2017_4_xcVU9P_FLGB2104_2_E_com_maxeler_platform_max5_toolchain_ip_fixedmultiplier_VivadoFixedMultiplierIp_20x20_UNSIGNEDxUNSIGNED_lat4_HIGHdsp_gen.tcl -log com_maxeler_platform_max5_toolchain_ip_fixedmultiplier_VivadoFixedMultiplierIp_vivado2017_4_xcVU9P_FLGB2104_2_E_com_maxeler_platform_max5_toolchain_ip_fixedmultiplier_VivadoFixedMultiplierIp_20x20_UNSIGNEDxUNSIGNED_lat4_HIGHdsp_gen.log 2> stderr.log > /dev/null
mer. 16:13: INFO    : Running command: ulimit -v 5767168;export XILINX_LOCAL_USER_DATA=no; vivado  -mode batch -source com_maxeler_platform_max5_toolchain_ip_fifogenerator_FifoGeneratorIp_vivado2017_4_xcVU9P_FLGB2104_2_E_36_512_36_dualclock_rst_gen.tcl -log com_maxeler_platform_max5_toolchain_ip_fifogenerator_FifoGeneratorIp_vivado2017_4_xcVU9P_FLGB2104_2_E_36_512_36_dualclock_rst_gen.log 2> stderr.log > /dev/null
mer. 16:19: INFO    : Running command: ulimit -v 5767168;export XILINX_LOCAL_USER_DATA=no; vivado  -mode batch -source com_maxeler_platform_max5_toolchain_ip_fifogenerator_FifoGeneratorIp_vivado2017_4_xcVU9P_FLGB2104_2_E_71_512_71_dualclock_rst_gen.tcl -log com_maxeler_platform_max5_toolchain_ip_fifogenerator_FifoGeneratorIp_vivado2017_4_xcVU9P_FLGB2104_2_E_71_512_71_dualclock_rst_gen.log 2> stderr.log > /dev/null
mer. 16:25: INFO    : Waiting for any external asynchronous jobs to complete (e.g. MegaWizard/CoreGen)...
mer. 16:25: INFO    : All asynchronous jobs are now completed.
mer. 16:25: INFO    : Waiting for any external asynchronous jobs to complete (e.g. MegaWizard/CoreGen)...
mer. 16:25: INFO    : All asynchronous jobs are now completed.
mer. 16:25: PROGRESS: Running back-end  build (14 phases)
mer. 16:25: PROGRESS: (1/14) - Prepare MaxFile Data (GenerateMaxFileDataFile)
mer. 16:25: INFO    : Build pass 'GenerateMaxFileDataFile' took 22.3390 ms.
mer. 16:25: PROGRESS: (2/14) - Synthesize DFE Modules (VivadoSynth)
mer. 16:25: INFO    : Synthesis input checksum: eeb599532e871edebdb7799f1fc4d5be
mer. 16:25: PROGRESS: Executing Synthesis Strategy VIVADO_DEFAULT
mer. 16:25: INFO    : Starting Vivado Synthesis (VIVADO_DEFAULT). (16:25:47 13/10/21)
mer. 16:25: INFO    : Running command: ulimit -v 9227468;export XILINX_LOCAL_USER_DATA=no; vivado  -mode batch -source runSynth.tcl -log runSynth.log 2> runSynthStderr.log > /dev/null
mer. 22:54: INFO    : Couldn't find file /mnt/beegfs/home/jusers/goumaz1/jumax/workspace/framework-dl-DFE/builds/framework-dl/LinearLayer_MAX5C_DFE/scratch/xilinx_vivado/synth/com_maxeler_platform_max5_board_Max5LimaTop_post_synth.dcp, giving it a second chance.
mer. 22:54: INFO    : Output file does not exist: /mnt/beegfs/home/jusers/goumaz1/jumax/workspace/framework-dl-DFE/builds/framework-dl/LinearLayer_MAX5C_DFE/scratch/xilinx_vivado/synth/com_maxeler_platform_max5_board_Max5LimaTop_post_synth.dcp
mer. 22:54: ERROR   : Error running external tool :-
mer. 22:54: ERROR   : Problem            : Command failed with exit code: 134, (killed by signal 6)
mer. 22:54: ERROR   : Command run        : ulimit -v 9227468;export XILINX_LOCAL_USER_DATA=no; vivado  -mode batch -source runSynth.tcl -log runSynth.log 2> runSynthStderr.log > /dev/null
mer. 22:54: ERROR   : Directory run in   : builds/framework-dl/LinearLayer_MAX5C_DFE/scratch/xilinx_vivado/synth
mer. 22:54: ERROR   : Exit code          : 134
mer. 22:54: ERROR   : Detailed build log : /mnt/beegfs/home/jusers/goumaz1/jumax/workspace/framework-dl-DFE/builds/framework-dl/LinearLayer_MAX5C_DFE/_build.log
